Using pre-set license
Built from '2021.3/staging' branch; Version is '2021.3.21f1 (1b156197d683) revision 1774945'; Using compiler version '192829333'; Build Type 'Release'
OS: 'Windows 10  (10.0.19045) 64bit Core' Language: 'en' Physical Memory: 16236 MB
BatchMode: 1, IsHumanControllingUs: 0, StartBugReporterOnCrash: 0, Is64bit: 1, IsPro: 1

COMMAND LINE ARGUMENTS:
C:\Unity\2021.3.21f1\Editor\Unity.exe
-adb2
-batchMode
-noUpm
-name
AssetImportWorker20
-projectPath
C:/Unity/Projects/Restaurant
-logFile
Logs/AssetImportWorker20.log
-srvPort
62174
Successfully changed project path to: C:/Unity/Projects/Restaurant
C:/Unity/Projects/Restaurant
[UnityMemory] Configuration Parameters - Can be set up in boot.config
    "memorysetup-bucket-allocator-granularity=16"
    "memorysetup-bucket-allocator-bucket-count=8"
    "memorysetup-bucket-allocator-block-size=33554432"
    "memorysetup-bucket-allocator-block-count=8"
    "memorysetup-main-allocator-block-size=16777216"
    "memorysetup-thread-allocator-block-size=16777216"
    "memorysetup-gfx-main-allocator-block-size=16777216"
    "memorysetup-gfx-thread-allocator-block-size=16777216"
    "memorysetup-cache-allocator-block-size=4194304"
    "memorysetup-typetree-allocator-block-size=2097152"
    "memorysetup-profiler-bucket-allocator-granularity=16"
    "memorysetup-profiler-bucket-allocator-bucket-count=8"
    "memorysetup-profiler-bucket-allocator-block-size=33554432"
    "memorysetup-profiler-bucket-allocator-block-count=8"
    "memorysetup-profiler-allocator-block-size=16777216"
    "memorysetup-profiler-editor-allocator-block-size=1048576"
    "memorysetup-temp-allocator-size-main=16777216"
    "memorysetup-job-temp-allocator-block-size=2097152"
    "memorysetup-job-temp-allocator-block-size-background=1048576"
    "memorysetup-job-temp-allocator-reduction-small-platforms=262144"
    "memorysetup-temp-allocator-size-background-worker=32768"
    "memorysetup-temp-allocator-size-job-worker=262144"
    "memorysetup-temp-allocator-size-preload-manager=33554432"
    "memorysetup-temp-allocator-size-nav-mesh-worker=65536"
    "memorysetup-temp-allocator-size-audio-worker=65536"
    "memorysetup-temp-allocator-size-cloud-worker=32768"
    "memorysetup-temp-allocator-size-gi-baking-worker=262144"
    "memorysetup-temp-allocator-size-gfx=262144"
Player connection [24688] Host "[IP] 192.168.88.1 [Port] 0 [Flags] 2 [Guid] 1592600069 [EditorId] 1592600069 [Version] 1048832 [Id] WindowsEditor(7,LAPTOP-UBFHFKGD) [Debug] 1 [PackageName] WindowsEditor [ProjectName] Editor" joined multi-casting on [225.0.0.222:54997]...

Player connection [24688] Host "[IP] 192.168.88.1 [Port] 0 [Flags] 2 [Guid] 1592600069 [EditorId] 1592600069 [Version] 1048832 [Id] WindowsEditor(7,LAPTOP-UBFHFKGD) [Debug] 1 [PackageName] WindowsEditor [ProjectName] Editor" joined alternative multi-casting on [225.0.0.222:34997]...

Refreshing native plugins compatible for Editor in 62.62 ms, found 3 plugins.
Preloading 0 native plugins for Editor in 0.00 ms.
Initialize engine version: 2021.3.21f1 (1b156197d683)
[Subsystems] Discovering subsystems at path C:/Unity/2021.3.21f1/Editor/Data/Resources/UnitySubsystems
[Subsystems] Discovering subsystems at path C:/Unity/Projects/Restaurant/Assets
GfxDevice: creating device client; threaded=0; jobified=0
Direct3D:
    Version:  Direct3D 11.0 [level 11.1]
    Renderer: NVIDIA GeForce RTX 3060 Laptop GPU (ID=0x2560)
    Vendor:   NVIDIA
    VRAM:     6009 MB
    Driver:   31.0.15.2799
Initialize mono
Mono path[0] = 'C:/Unity/2021.3.21f1/Editor/Data/Managed'
Mono path[1] = 'C:/Unity/2021.3.21f1/Editor/Data/MonoBleedingEdge/lib/mono/unityjit-win32'
Mono config path = 'C:/Unity/2021.3.21f1/Editor/Data/MonoBleedingEdge/etc'
Using monoOptions --debugger-agent=transport=dt_socket,embedding=1,server=y,suspend=n,address=127.0.0.1:56040
Begin MonoManager ReloadAssembly
Registering precompiled unity dll's ...
Register platform support module: C:/Unity/2021.3.21f1/Editor/Data/PlaybackEngines/WebGLSupport/UnityEditor.WebGL.Extensions.dll
Register platform support module: C:/Unity/2021.3.21f1/Editor/Data/PlaybackEngines/AndroidPlayer/UnityEditor.Android.Extensions.dll
Register platform support module: C:/Unity/2021.3.21f1/Editor/Data/PlaybackEngines/WindowsStandaloneSupport/UnityEditor.WindowsStandalone.Extensions.dll
Registered in 0.006402 seconds.
Native extension for WindowsStandalone target not found
Native extension for Android target not found
Android Extension - Scanning For ADB Devices 225 ms
Native extension for WebGL target not found
Refreshing native plugins compatible for Editor in 61.83 ms, found 3 plugins.
Preloading 0 native plugins for Editor in 0.00 ms.
Mono: successfully reloaded assembly
- Completed reload, in  0.782 seconds
Domain Reload Profiling:
	ReloadAssembly (782ms)
		BeginReloadAssembly (78ms)
			ExecutionOrderSort (0ms)
			DisableScriptedObjects (0ms)
			BackupInstance (0ms)
			ReleaseScriptingObjects (0ms)
			CreateAndSetChildDomain (1ms)
		EndReloadAssembly (621ms)
			LoadAssemblies (76ms)
			RebuildTransferFunctionScriptingTraits (0ms)
			SetupTypeCache (83ms)
			ReleaseScriptCaches (0ms)
			RebuildScriptCaches (24ms)
			SetupLoadedEditorAssemblies (468ms)
				LogAssemblyErrors (0ms)
				InitializePlatformSupportModulesInManaged (293ms)
				SetLoadedEditorAssemblies (0ms)
				RefreshPlugins (62ms)
				BeforeProcessingInitializeOnLoad (1ms)
				ProcessInitializeOnLoadAttributes (78ms)
				ProcessInitializeOnLoadMethodAttributes (34ms)
				AfterProcessingInitializeOnLoad (0ms)
				EditorAssembliesLoaded (0ms)
			ExecutionOrderSort2 (0ms)
			AwakeInstancesAfterBackupRestoration (0ms)
Platform modules already initialized, skipping
Registering precompiled user dll's ...
Registered in 0.005193 seconds.
Begin MonoManager ReloadAssembly
Symbol file LoadedFromMemory doesn't match image C:\Unity\Projects\Restaurant\Library\PackageCache\com.unity.visualscripting@1.8.0\Editor\VisualScripting.Core\Dependencies\YamlDotNet\Unity.VisualScripting.YamlDotNet.dll
Symbol file LoadedFromMemory doesn't match image C:\Unity\Projects\Restaurant\Library\PackageCache\com.unity.visualscripting@1.8.0\Editor\VisualScripting.Core\Dependencies\DotNetZip\Unity.VisualScripting.IonicZip.dll
Native extension for WindowsStandalone target not found
Native extension for Android target not found
Native extension for WebGL target not found
Refreshing native plugins compatible for Editor in 0.75 ms, found 3 plugins.
Preloading 0 native plugins for Editor in 0.00 ms.
Mono: successfully reloaded assembly
- Completed reload, in  0.868 seconds
Domain Reload Profiling:
	ReloadAssembly (869ms)
		BeginReloadAssembly (104ms)
			ExecutionOrderSort (0ms)
			DisableScriptedObjects (6ms)
			BackupInstance (0ms)
			ReleaseScriptingObjects (0ms)
			CreateAndSetChildDomain (18ms)
		EndReloadAssembly (677ms)
			LoadAssemblies (79ms)
			RebuildTransferFunctionScriptingTraits (0ms)
			SetupTypeCache (204ms)
			ReleaseScriptCaches (1ms)
			RebuildScriptCaches (44ms)
			SetupLoadedEditorAssemblies (310ms)
				LogAssemblyErrors (0ms)
				InitializePlatformSupportModulesInManaged (18ms)
				SetLoadedEditorAssemblies (0ms)
				RefreshPlugins (1ms)
				BeforeProcessingInitializeOnLoad (75ms)
				ProcessInitializeOnLoadAttributes (190ms)
				ProcessInitializeOnLoadMethodAttributes (17ms)
				AfterProcessingInitializeOnLoad (8ms)
				EditorAssembliesLoaded (0ms)
			ExecutionOrderSort2 (0ms)
			AwakeInstancesAfterBackupRestoration (4ms)
Platform modules already initialized, skipping
========================================================================
Worker process is ready to serve import requests
Launched and connected shader compiler UnityShaderCompiler.exe after 0.04 seconds
Refreshing native plugins compatible for Editor in 0.63 ms, found 3 plugins.
Preloading 0 native plugins for Editor in 0.00 ms.
Unloading 3049 Unused Serialized files (Serialized files now loaded: 0)
Unloading 24 unused Assets / (115.1 KB). Loaded Objects now: 3528.
Memory consumption went from 111.7 MB to 111.6 MB.
Total: 2.695400 ms (FindLiveObjects: 0.201100 ms CreateObjectMapping: 0.090900 ms MarkObjects: 2.279700 ms  DeleteObjects: 0.123000 ms)

AssetImportParameters requested are different than current active one (requested -> active):
  custom:video-decoder-ogg-theora: a1e56fd34408186e4bbccfd4996cb3dc -> 
  custom:container-muxer-webm: aa71ff27fc2769a1b78a27578f13a17b -> 
  custom:container-demuxer-webm: 4f35f7cbe854078d1ac9338744f61a02 -> 
  custom:video-encoder-webm-vp8: eb34c28f22e8b96e1ab97ce403110664 -> 
  custom:video-codec-MediaFoundation-h265: 746d11721c4dcdbdad8f713fa42b33f4 -> 
  custom:audio-encoder-webm-vorbis: bf7c407c2cedff20999df2af8eb42d56 -> 
  custom:framework-win-MediaFoundation: 216162199b28c13a410421893ffa2e32 -> 
  custom:container-demuxer-ogg: 62fdf1f143b41e24485cea50d1cbac27 -> 
  custom:video-decoder-webm-vp8: 9c59270c3fd7afecdb556c50c9e8de78 -> 
  custom:audio-decoder-ogg-vorbis: bf7c407c2cedff20999df2af8eb42d56 -> 
========================================================================
Received Import Request.
  Time since last request: 686272.993986 seconds.
  path: Assets/Barrels/Mesh/Barrel2.obj
  artifactKey: Guid(19c52c8d3791ceb4aa4c25b4a0c66bdb) Importer(815301076,1909f56bfc062723c751e8b465ee728b)
Start importing Assets/Barrels/Mesh/Barrel2.obj using Guid(19c52c8d3791ceb4aa4c25b4a0c66bdb) Importer(815301076,1909f56bfc062723c751e8b465ee728b)  -> (artifact id: '5504d9ac32d5d1bf7353ed052ea47b25') in 0.276997 seconds 
========================================================================
Received Import Request.
  Time since last request: 0.000022 seconds.
  path: Assets/Chess Set/Materials/Black Squares.mat
  artifactKey: Guid(bb057c3a42842a256b514b26d169642f) Importer(815301076,1909f56bfc062723c751e8b465ee728b)
Start importing Assets/Chess Set/Materials/Black Squares.mat using Guid(bb057c3a42842a256b514b26d169642f) Importer(815301076,1909f56bfc062723c751e8b465ee728b)  -> (artifact id: '0e5a1b92cb4be54e8eae6ee97f76c047') in 0.081129 seconds 
========================================================================
Received Import Request.
  Time since last request: 0.000029 seconds.
  path: Assets/Crates00/Meshes/Materials/crate00.mat
  artifactKey: Guid(275e87f995718364fa60971e473a92d5) Importer(815301076,1909f56bfc062723c751e8b465ee728b)
Start importing Assets/Crates00/Meshes/Materials/crate00.mat using Guid(275e87f995718364fa60971e473a92d5) Importer(815301076,1909f56bfc062723c751e8b465ee728b)  -> (artifact id: 'ecf40776fdb1c5f27d55178bb9e26761') in 0.078441 seconds 
========================================================================
Received Import Request.
  Time since last request: 3.150927 seconds.
  path: Assets/polygonTrees/polygonTrees/models/modelsWithLods/trees/fallenBranchesTreeL/editableMaterial/leavesMaterial.mat
  artifactKey: Guid(3d113170c2575c05092ff47bd67a7b22) Importer(815301076,1909f56bfc062723c751e8b465ee728b)
Start importing Assets/polygonTrees/polygonTrees/models/modelsWithLods/trees/fallenBranchesTreeL/editableMaterial/leavesMaterial.mat using Guid(3d113170c2575c05092ff47bd67a7b22) Importer(815301076,1909f56bfc062723c751e8b465ee728b)  -> (artifact id: '1276077a2f8615ea004a4016693a00b1') in 0.109195 seconds 
========================================================================
Received Import Request.
  Time since last request: 0.000022 seconds.
  path: Assets/polygonTrees/polygonTrees/models/modelsWithLods/trees/tree1L/editableMaterial/leavesMaterial.mat
  artifactKey: Guid(a93e10294dd069d1e90e0d1b02084845) Importer(815301076,1909f56bfc062723c751e8b465ee728b)
Start importing Assets/polygonTrees/polygonTrees/models/modelsWithLods/trees/tree1L/editableMaterial/leavesMaterial.mat using Guid(a93e10294dd069d1e90e0d1b02084845) Importer(815301076,1909f56bfc062723c751e8b465ee728b)  -> (artifact id: '5a3c2b2aba6c83a0c9b5a57e5ade2ab1') in 0.077921 seconds 
========================================================================
Received Import Request.
  Time since last request: 0.000030 seconds.
  path: Assets/polygonTrees/polygonTrees/models/modelsWithLods/trees/simpleTreeL/simpleTreeL.fbx
  artifactKey: Guid(c4c1b5fd6a7a4665fbbd1213453e8190) Importer(815301076,1909f56bfc062723c751e8b465ee728b)
Start importing Assets/polygonTrees/polygonTrees/models/modelsWithLods/trees/simpleTreeL/simpleTreeL.fbx using Guid(c4c1b5fd6a7a4665fbbd1213453e8190) Importer(815301076,1909f56bfc062723c751e8b465ee728b)  -> (artifact id: 'be344279da8b1570f53988cb89842bf4') in 0.246751 seconds 
========================================================================
Received Import Request.
  Time since last request: 9.763788 seconds.
  path: Assets/Azerilo/Free Rug Pack/Material/Material2.mat
  artifactKey: Guid(b5fd3fdb454a48d408d0ee50b796d061) Importer(815301076,1909f56bfc062723c751e8b465ee728b)
Start importing Assets/Azerilo/Free Rug Pack/Material/Material2.mat using Guid(b5fd3fdb454a48d408d0ee50b796d061) Importer(815301076,1909f56bfc062723c751e8b465ee728b)  -> (artifact id: '17d4a227df4b32f7355636938d7f95b0') in 0.028262 seconds 
========================================================================
Received Import Request.
  Time since last request: 0.000024 seconds.
  path: Assets/Village Buildings/Models/Materials/Roof.mat
  artifactKey: Guid(22dba875abe8cd2469bfe4629fccd82d) Importer(815301076,1909f56bfc062723c751e8b465ee728b)
Start importing Assets/Village Buildings/Models/Materials/Roof.mat using Guid(22dba875abe8cd2469bfe4629fccd82d) Importer(815301076,1909f56bfc062723c751e8b465ee728b)  -> (artifact id: '7fbc59642b94157426fe6dca435db6e1') in 0.079043 seconds 
========================================================================
Received Import Request.
  Time since last request: 11.651224 seconds.
  path: Assets/polygonTrees/polygonTrees/models/modelsWithLods/trees/fallenBranchesTreeL/editableMaterial/treeMaterial.mat
  artifactKey: Guid(f6f0211a49947207b8b0ac26cc9a9699) Importer(815301076,1909f56bfc062723c751e8b465ee728b)
Start importing Assets/polygonTrees/polygonTrees/models/modelsWithLods/trees/fallenBranchesTreeL/editableMaterial/treeMaterial.mat using Guid(f6f0211a49947207b8b0ac26cc9a9699) Importer(815301076,1909f56bfc062723c751e8b465ee728b)  -> (artifact id: '50092143f21b91ede938f88a19d30517') in 0.024361 seconds 
========================================================================
Received Import Request.
  Time since last request: 0.000017 seconds.
  path: Assets/polygonTrees/polygonTrees/models/modelsWithLods/trees/fallenBranchesTreeL/naturalMaterial/treeMaterialN.mat
  artifactKey: Guid(859bc63174e9d3b1495c0b2bef7cb8cf) Importer(815301076,1909f56bfc062723c751e8b465ee728b)
Start importing Assets/polygonTrees/polygonTrees/models/modelsWithLods/trees/fallenBranchesTreeL/naturalMaterial/treeMaterialN.mat using Guid(859bc63174e9d3b1495c0b2bef7cb8cf) Importer(815301076,1909f56bfc062723c751e8b465ee728b)  -> (artifact id: '4173c6ff215a19abcb458c69c1c290d0') in 0.076470 seconds 
========================================================================
Received Import Request.
  Time since last request: 0.019828 seconds.
  path: Assets/Village Buildings/Materials/Village_House_V4_Wall.mat
  artifactKey: Guid(ae1c64aeaee1a9c4a900ba8d3b9604b1) Importer(815301076,1909f56bfc062723c751e8b465ee728b)
Start importing Assets/Village Buildings/Materials/Village_House_V4_Wall.mat using Guid(ae1c64aeaee1a9c4a900ba8d3b9604b1) Importer(815301076,1909f56bfc062723c751e8b465ee728b)  -> (artifact id: 'a8c719d27582920583bc8c5dfcbe3a9d') in 0.072819 seconds 
========================================================================
Received Import Request.
  Time since last request: 0.000029 seconds.
  path: Assets/Chess Set/Materials/White Line.mat
  artifactKey: Guid(041e65f833c0ec5d7992bf0ba1c86d1a) Importer(815301076,1909f56bfc062723c751e8b465ee728b)
Start importing Assets/Chess Set/Materials/White Line.mat using Guid(041e65f833c0ec5d7992bf0ba1c86d1a) Importer(815301076,1909f56bfc062723c751e8b465ee728b)  -> (artifact id: 'f439deb5ade81b182d8dc856d6cedd12') in 0.088419 seconds 
========================================================================
Received Import Request.
  Time since last request: 0.000022 seconds.
  path: Assets/WoodBucket/Mesh/WoodBucket.fbx
  artifactKey: Guid(f24fcaa5ae1689c41b2cb22610a48679) Importer(815301076,1909f56bfc062723c751e8b465ee728b)
Start importing Assets/WoodBucket/Mesh/WoodBucket.fbx using Guid(f24fcaa5ae1689c41b2cb22610a48679) Importer(815301076,1909f56bfc062723c751e8b465ee728b)  -> (artifact id: '233658e410be38d4f142abca9110074a') in 0.185151 seconds 
========================================================================
Received Import Request.
  Time since last request: 54.208423 seconds.
  path: Assets/WoodsLifestyle/Models/Props/WaterTowers/Tower_01.fbx
  artifactKey: Guid(afceab1db8256044b961e2acbedc9134) Importer(815301076,1909f56bfc062723c751e8b465ee728b)
Start importing Assets/WoodsLifestyle/Models/Props/WaterTowers/Tower_01.fbx using Guid(afceab1db8256044b961e2acbedc9134) Importer(815301076,1909f56bfc062723c751e8b465ee728b)  -> (artifact id: '67de8048588b03fe01ab8d65ffe43558') in 0.166922 seconds 
========================================================================
Received Import Request.
  Time since last request: 0.000023 seconds.
  path: Assets/Village Buildings/Models/Village_House_V3.fbx
  artifactKey: Guid(01ee38efa0610704c88a7fa95706e730) Importer(815301076,1909f56bfc062723c751e8b465ee728b)
Start importing Assets/Village Buildings/Models/Village_House_V3.fbx using Guid(01ee38efa0610704c88a7fa95706e730) Importer(815301076,1909f56bfc062723c751e8b465ee728b)  -> (artifact id: '59a3987ef0c0ac9e8f5e2ac6857d0c89') in 0.159538 seconds 
========================================================================
Received Import Request.
  Time since last request: 0.000029 seconds.
  path: Assets/WoodsLifestyle/Models/Cabins/Walls/Wall_Wide_02_c.fbx
  artifactKey: Guid(4fc77b36bb950804481dd3a761c6d468) Importer(815301076,1909f56bfc062723c751e8b465ee728b)
Start importing Assets/WoodsLifestyle/Models/Cabins/Walls/Wall_Wide_02_c.fbx using Guid(4fc77b36bb950804481dd3a761c6d468) Importer(815301076,1909f56bfc062723c751e8b465ee728b)  -> (artifact id: '39f4e447183d067e4954a4fb682bba20') in 0.093529 seconds 
========================================================================
Received Import Request.
  Time since last request: 0.000022 seconds.
  path: Assets/WoodsLifestyle/Models/Cabins/Walls/Wall_Narrow_01_a.fbx
  artifactKey: Guid(86b6f206e09dae647a8c28fccb4ecd37) Importer(815301076,1909f56bfc062723c751e8b465ee728b)
Start importing Assets/WoodsLifestyle/Models/Cabins/Walls/Wall_Narrow_01_a.fbx using Guid(86b6f206e09dae647a8c28fccb4ecd37) Importer(815301076,1909f56bfc062723c751e8b465ee728b)  -> (artifact id: 'c64639981c6f0aff160fcc7f2393a159') in 0.089139 seconds 
Editor requested this worker to shutdown with reason: Scaling down because of idle timeout
AssetImportWorker is now disconnected from the server
Process exiting
Exiting without the bug reporter. Application will terminate with return code 0