Using pre-set license
Built from '2021.3/staging' branch; Version is '2021.3.21f1 (1b156197d683) revision 1774945'; Using compiler version '192829333'; Build Type 'Release'
OS: 'Windows 10  (10.0.19045) 64bit Core' Language: 'en' Physical Memory: 16236 MB
BatchMode: 1, IsHumanControllingUs: 0, StartBugReporterOnCrash: 0, Is64bit: 1, IsPro: 1

COMMAND LINE ARGUMENTS:
C:\Unity\2021.3.21f1\Editor\Unity.exe
-adb2
-batchMode
-noUpm
-name
AssetImportWorker7
-projectPath
C:/Unity/Projects/Restaurant
-logFile
Logs/AssetImportWorker7.log
-srvPort
62174
Successfully changed project path to: C:/Unity/Projects/Restaurant
C:/Unity/Projects/Restaurant
[UnityMemory] Configuration Parameters - Can be set up in boot.config
    "memorysetup-bucket-allocator-granularity=16"
    "memorysetup-bucket-allocator-bucket-count=8"
    "memorysetup-bucket-allocator-block-size=33554432"
    "memorysetup-bucket-allocator-block-count=8"
    "memorysetup-main-allocator-block-size=16777216"
    "memorysetup-thread-allocator-block-size=16777216"
    "memorysetup-gfx-main-allocator-block-size=16777216"
    "memorysetup-gfx-thread-allocator-block-size=16777216"
    "memorysetup-cache-allocator-block-size=4194304"
    "memorysetup-typetree-allocator-block-size=2097152"
    "memorysetup-profiler-bucket-allocator-granularity=16"
    "memorysetup-profiler-bucket-allocator-bucket-count=8"
    "memorysetup-profiler-bucket-allocator-block-size=33554432"
    "memorysetup-profiler-bucket-allocator-block-count=8"
    "memorysetup-profiler-allocator-block-size=16777216"
    "memorysetup-profiler-editor-allocator-block-size=1048576"
    "memorysetup-temp-allocator-size-main=16777216"
    "memorysetup-job-temp-allocator-block-size=2097152"
    "memorysetup-job-temp-allocator-block-size-background=1048576"
    "memorysetup-job-temp-allocator-reduction-small-platforms=262144"
    "memorysetup-temp-allocator-size-background-worker=32768"
    "memorysetup-temp-allocator-size-job-worker=262144"
    "memorysetup-temp-allocator-size-preload-manager=33554432"
    "memorysetup-temp-allocator-size-nav-mesh-worker=65536"
    "memorysetup-temp-allocator-size-audio-worker=65536"
    "memorysetup-temp-allocator-size-cloud-worker=32768"
    "memorysetup-temp-allocator-size-gi-baking-worker=262144"
    "memorysetup-temp-allocator-size-gfx=262144"
Player connection [22496] Host "[IP] 192.168.88.1 [Port] 0 [Flags] 2 [Guid] 3316349866 [EditorId] 3316349866 [Version] 1048832 [Id] WindowsEditor(7,LAPTOP-UBFHFKGD) [Debug] 1 [PackageName] WindowsEditor [ProjectName] Editor" joined multi-casting on [225.0.0.222:54997]...

Player connection [22496] Host "[IP] 192.168.88.1 [Port] 0 [Flags] 2 [Guid] 3316349866 [EditorId] 3316349866 [Version] 1048832 [Id] WindowsEditor(7,LAPTOP-UBFHFKGD) [Debug] 1 [PackageName] WindowsEditor [ProjectName] Editor" joined alternative multi-casting on [225.0.0.222:34997]...

Refreshing native plugins compatible for Editor in 85.81 ms, found 3 plugins.
Preloading 0 native plugins for Editor in 0.00 ms.
Initialize engine version: 2021.3.21f1 (1b156197d683)
[Subsystems] Discovering subsystems at path C:/Unity/2021.3.21f1/Editor/Data/Resources/UnitySubsystems
[Subsystems] Discovering subsystems at path C:/Unity/Projects/Restaurant/Assets
GfxDevice: creating device client; threaded=0; jobified=0
Direct3D:
    Version:  Direct3D 11.0 [level 11.1]
    Renderer: NVIDIA GeForce RTX 3060 Laptop GPU (ID=0x2560)
    Vendor:   NVIDIA
    VRAM:     6009 MB
    Driver:   31.0.15.2799
Initialize mono
Mono path[0] = 'C:/Unity/2021.3.21f1/Editor/Data/Managed'
Mono path[1] = 'C:/Unity/2021.3.21f1/Editor/Data/MonoBleedingEdge/lib/mono/unityjit-win32'
Mono config path = 'C:/Unity/2021.3.21f1/Editor/Data/MonoBleedingEdge/etc'
Using monoOptions --debugger-agent=transport=dt_socket,embedding=1,server=y,suspend=n,address=127.0.0.1:56972
Begin MonoManager ReloadAssembly
Registering precompiled unity dll's ...
Register platform support module: C:/Unity/2021.3.21f1/Editor/Data/PlaybackEngines/WebGLSupport/UnityEditor.WebGL.Extensions.dll
Register platform support module: C:/Unity/2021.3.21f1/Editor/Data/PlaybackEngines/AndroidPlayer/UnityEditor.Android.Extensions.dll
Register platform support module: C:/Unity/2021.3.21f1/Editor/Data/PlaybackEngines/WindowsStandaloneSupport/UnityEditor.WindowsStandalone.Extensions.dll
Registered in 0.006567 seconds.
Native extension for WindowsStandalone target not found
Native extension for Android target not found
Android Extension - Scanning For ADB Devices 231 ms
Native extension for WebGL target not found
Refreshing native plugins compatible for Editor in 61.52 ms, found 3 plugins.
Preloading 0 native plugins for Editor in 0.00 ms.
Mono: successfully reloaded assembly
- Completed reload, in  0.810 seconds
Domain Reload Profiling:
	ReloadAssembly (810ms)
		BeginReloadAssembly (82ms)
			ExecutionOrderSort (0ms)
			DisableScriptedObjects (0ms)
			BackupInstance (0ms)
			ReleaseScriptingObjects (0ms)
			CreateAndSetChildDomain (1ms)
		EndReloadAssembly (642ms)
			LoadAssemblies (80ms)
			RebuildTransferFunctionScriptingTraits (0ms)
			SetupTypeCache (89ms)
			ReleaseScriptCaches (0ms)
			RebuildScriptCaches (27ms)
			SetupLoadedEditorAssemblies (481ms)
				LogAssemblyErrors (0ms)
				InitializePlatformSupportModulesInManaged (301ms)
				SetLoadedEditorAssemblies (0ms)
				RefreshPlugins (62ms)
				BeforeProcessingInitializeOnLoad (1ms)
				ProcessInitializeOnLoadAttributes (80ms)
				ProcessInitializeOnLoadMethodAttributes (36ms)
				AfterProcessingInitializeOnLoad (0ms)
				EditorAssembliesLoaded (0ms)
			ExecutionOrderSort2 (0ms)
			AwakeInstancesAfterBackupRestoration (0ms)
Platform modules already initialized, skipping
Registering precompiled user dll's ...
Registered in 0.006543 seconds.
Begin MonoManager ReloadAssembly
Symbol file LoadedFromMemory doesn't match image C:\Unity\Projects\Restaurant\Library\PackageCache\com.unity.visualscripting@1.8.0\Editor\VisualScripting.Core\Dependencies\YamlDotNet\Unity.VisualScripting.YamlDotNet.dll
Symbol file LoadedFromMemory doesn't match image C:\Unity\Projects\Restaurant\Library\PackageCache\com.unity.visualscripting@1.8.0\Editor\VisualScripting.Core\Dependencies\DotNetZip\Unity.VisualScripting.IonicZip.dll
Native extension for WindowsStandalone target not found
Native extension for Android target not found
Native extension for WebGL target not found
Refreshing native plugins compatible for Editor in 0.64 ms, found 3 plugins.
Preloading 0 native plugins for Editor in 0.00 ms.
Mono: successfully reloaded assembly
- Completed reload, in  0.887 seconds
Domain Reload Profiling:
	ReloadAssembly (887ms)
		BeginReloadAssembly (113ms)
			ExecutionOrderSort (0ms)
			DisableScriptedObjects (5ms)
			BackupInstance (0ms)
			ReleaseScriptingObjects (0ms)
			CreateAndSetChildDomain (25ms)
		EndReloadAssembly (682ms)
			LoadAssemblies (78ms)
			RebuildTransferFunctionScriptingTraits (0ms)
			SetupTypeCache (211ms)
			ReleaseScriptCaches (0ms)
			RebuildScriptCaches (42ms)
			SetupLoadedEditorAssemblies (309ms)
				LogAssemblyErrors (0ms)
				InitializePlatformSupportModulesInManaged (17ms)
				SetLoadedEditorAssemblies (0ms)
				RefreshPlugins (1ms)
				BeforeProcessingInitializeOnLoad (71ms)
				ProcessInitializeOnLoadAttributes (195ms)
				ProcessInitializeOnLoadMethodAttributes (16ms)
				AfterProcessingInitializeOnLoad (8ms)
				EditorAssembliesLoaded (0ms)
			ExecutionOrderSort2 (0ms)
			AwakeInstancesAfterBackupRestoration (5ms)
Platform modules already initialized, skipping
========================================================================
Worker process is ready to serve import requests
Launched and connected shader compiler UnityShaderCompiler.exe after 0.04 seconds
Refreshing native plugins compatible for Editor in 0.61 ms, found 3 plugins.
Preloading 0 native plugins for Editor in 0.00 ms.
Unloading 3049 Unused Serialized files (Serialized files now loaded: 0)
Unloading 24 unused Assets / (114.3 KB). Loaded Objects now: 3521.
Memory consumption went from 109.7 MB to 109.6 MB.
Total: 2.852900 ms (FindLiveObjects: 0.269000 ms CreateObjectMapping: 0.093000 ms MarkObjects: 2.340500 ms  DeleteObjects: 0.149700 ms)

AssetImportParameters requested are different than current active one (requested -> active):
  custom:video-decoder-ogg-theora: a1e56fd34408186e4bbccfd4996cb3dc -> 
  custom:container-muxer-webm: aa71ff27fc2769a1b78a27578f13a17b -> 
  custom:container-demuxer-webm: 4f35f7cbe854078d1ac9338744f61a02 -> 
  custom:video-encoder-webm-vp8: eb34c28f22e8b96e1ab97ce403110664 -> 
  custom:video-codec-MediaFoundation-h265: 746d11721c4dcdbdad8f713fa42b33f4 -> 
  custom:audio-encoder-webm-vorbis: bf7c407c2cedff20999df2af8eb42d56 -> 
  custom:framework-win-MediaFoundation: 216162199b28c13a410421893ffa2e32 -> 
  custom:container-demuxer-ogg: 62fdf1f143b41e24485cea50d1cbac27 -> 
  custom:video-decoder-webm-vp8: 9c59270c3fd7afecdb556c50c9e8de78 -> 
  custom:audio-decoder-ogg-vorbis: bf7c407c2cedff20999df2af8eb42d56 -> 
========================================================================
Received Import Request.
  Time since last request: 680463.802261 seconds.
  path: Assets/3D Low-Poly Tables/Prefabs/Table 2.prefab
  artifactKey: Guid(d2de4750ab5aaf840a348925be60eb9e) Importer(815301076,1909f56bfc062723c751e8b465ee728b)
Start importing Assets/3D Low-Poly Tables/Prefabs/Table 2.prefab using Guid(d2de4750ab5aaf840a348925be60eb9e) Importer(815301076,1909f56bfc062723c751e8b465ee728b)  -> (artifact id: '9ab494a4bc7e82c0059eff2d95fdd7de') in 0.240082 seconds 
========================================================================
Received Import Request.
  Time since last request: 150.032121 seconds.
  path: Assets/3D Low-Poly Tables/Mesh/Table 1.obj
  artifactKey: Guid(9b2ea468e69349644bb303d38c8ba08f) Importer(815301076,1909f56bfc062723c751e8b465ee728b)
Start importing Assets/3D Low-Poly Tables/Mesh/Table 1.obj using Guid(9b2ea468e69349644bb303d38c8ba08f) Importer(815301076,1909f56bfc062723c751e8b465ee728b)  -> (artifact id: '216efdcadd9f7a5bbfe0aa9d2e268932') in 0.157815 seconds 
========================================================================
Received Import Request.
  Time since last request: 0.000026 seconds.
  path: Assets/3D Low-Poly Tables/Mesh/Table 3.obj
  artifactKey: Guid(05e101759890e574da24bd145c107357) Importer(815301076,1909f56bfc062723c751e8b465ee728b)
Start importing Assets/3D Low-Poly Tables/Mesh/Table 3.obj using Guid(05e101759890e574da24bd145c107357) Importer(815301076,1909f56bfc062723c751e8b465ee728b)  -> (artifact id: '2b3cf3ef0a5ec2a64f14506aef7a8d6e') in 0.194371 seconds 
========================================================================
Received Import Request.
  Time since last request: 0.000029 seconds.
  path: Assets/3D Low-Poly Tables/Mesh/Table 2.fbx
  artifactKey: Guid(3703dca2933d3664cb57dabe4b6b51ca) Importer(815301076,1909f56bfc062723c751e8b465ee728b)
Start importing Assets/3D Low-Poly Tables/Mesh/Table 2.fbx using Guid(3703dca2933d3664cb57dabe4b6b51ca) Importer(815301076,1909f56bfc062723c751e8b465ee728b)  -> (artifact id: '0a812b24e21bd2a240b90f1a8a002a64') in 0.105350 seconds 
========================================================================
Received Import Request.
  Time since last request: 25.130690 seconds.
  path: Assets/3D Low-Poly Tables/Textures/Table 2/Metall Table 2.png
  artifactKey: Guid(fc34f30bfe446094d8467f01226afa2b) Importer(815301076,1909f56bfc062723c751e8b465ee728b)
Start importing Assets/3D Low-Poly Tables/Textures/Table 2/Metall Table 2.png using Guid(fc34f30bfe446094d8467f01226afa2b) Importer(815301076,1909f56bfc062723c751e8b465ee728b)  -> (artifact id: '04c3a06f9a26228c79d931b70fe7aa84') in 0.111501 seconds 
========================================================================
Received Import Request.
  Time since last request: 0.000017 seconds.
  path: Assets/3D Low-Poly Tables/Textures/Table 2/Normal Table 2.png
  artifactKey: Guid(4c996fd6f86597944905e07c41f8949c) Importer(815301076,1909f56bfc062723c751e8b465ee728b)
Start importing Assets/3D Low-Poly Tables/Textures/Table 2/Normal Table 2.png using Guid(4c996fd6f86597944905e07c41f8949c) Importer(815301076,1909f56bfc062723c751e8b465ee728b)  -> (artifact id: 'ac30c594c468afff3fe7b541afa5da00') in 0.073140 seconds 
========================================================================
Received Import Request.
  Time since last request: 6.378359 seconds.
  path: Assets/3D Low-Poly Tables/Textures/Table 1/Metall Table 1.png
  artifactKey: Guid(a308ef45e6ca5664ca4ea608f83ba494) Importer(815301076,1909f56bfc062723c751e8b465ee728b)
Start importing Assets/3D Low-Poly Tables/Textures/Table 1/Metall Table 1.png using Guid(a308ef45e6ca5664ca4ea608f83ba494) Importer(815301076,1909f56bfc062723c751e8b465ee728b)  -> (artifact id: 'be93630a544dd4e98cb2fd0c9b8d0dcd') in 0.017668 seconds 
========================================================================
Received Import Request.
  Time since last request: 2.042768 seconds.
  path: Assets/3D Low-Poly Tables/Materials/Table 2.mat
  artifactKey: Guid(1eb7f1501c6f59c42808955386892af2) Importer(815301076,1909f56bfc062723c751e8b465ee728b)
Start importing Assets/3D Low-Poly Tables/Materials/Table 2.mat using Guid(1eb7f1501c6f59c42808955386892af2) Importer(815301076,1909f56bfc062723c751e8b465ee728b)  -> (artifact id: '071f064df85e078c6a0637f4d787537d') in 0.022104 seconds 
========================================================================
Received Import Request.
  Time since last request: 0.000019 seconds.
  path: Assets/3D Low-Poly Tables/Materials/Table 3.mat
  artifactKey: Guid(8f94a4f2deb15b046b1410f55cdcb62c) Importer(815301076,1909f56bfc062723c751e8b465ee728b)
Start importing Assets/3D Low-Poly Tables/Materials/Table 3.mat using Guid(8f94a4f2deb15b046b1410f55cdcb62c) Importer(815301076,1909f56bfc062723c751e8b465ee728b)  -> (artifact id: '22d3389ec33ad1711b5989100a309c32') in 0.021356 seconds 
========================================================================
Received Import Request.
  Time since last request: 20.707153 seconds.
  path: Assets/BarProps/Prefabs/WoodenStoolBacked.dae
  artifactKey: Guid(58029078ad80eac4993a755bab37f842) Importer(815301076,1909f56bfc062723c751e8b465ee728b)
Start importing Assets/BarProps/Prefabs/WoodenStoolBacked.dae using Guid(58029078ad80eac4993a755bab37f842) Importer(815301076,1909f56bfc062723c751e8b465ee728b)  -> (artifact id: '606b3b2365c0645880fceed87191dc07') in 0.101695 seconds 
========================================================================
Received Import Request.
  Time since last request: 793.781529 seconds.
  path: Assets/BarProps/Materials/WoodenSeatBacked.mat
  artifactKey: Guid(ded45c8b071b8d84fb4432210580f003) Importer(815301076,1909f56bfc062723c751e8b465ee728b)
Start importing Assets/BarProps/Materials/WoodenSeatBacked.mat using Guid(ded45c8b071b8d84fb4432210580f003) Importer(815301076,1909f56bfc062723c751e8b465ee728b)  -> (artifact id: 'e3d6819108dd2c3bf16a69c49281c40c') in 0.027006 seconds 
========================================================================
Received Import Request.
  Time since last request: 0.000025 seconds.
  path: Assets/BarProps/Materials/WoodenStoolBacked_Wood.mat
  artifactKey: Guid(9d6aed47bacb33a47ab9341aa788ae69) Importer(815301076,1909f56bfc062723c751e8b465ee728b)
Start importing Assets/BarProps/Materials/WoodenStoolBacked_Wood.mat using Guid(9d6aed47bacb33a47ab9341aa788ae69) Importer(815301076,1909f56bfc062723c751e8b465ee728b)  -> (artifact id: '2f69b2856afab2c768f81cbd164267d9') in 0.057576 seconds 
========================================================================
Received Import Request.
  Time since last request: 966.859712 seconds.
  path: Assets/Audience/Prefabs/Audience 2.prefab
  artifactKey: Guid(76a4ddcefddf783499cac977dc6638e6) Importer(815301076,1909f56bfc062723c751e8b465ee728b)
Start importing Assets/Audience/Prefabs/Audience 2.prefab using Guid(76a4ddcefddf783499cac977dc6638e6) Importer(815301076,1909f56bfc062723c751e8b465ee728b)  -> (artifact id: '91a39e9e242df8296c8319f7621281ed') in 0.095699 seconds 
========================================================================
Received Import Request.
  Time since last request: 0.000028 seconds.
  path: Assets/Audience/Prefabs/Audience 5.prefab
  artifactKey: Guid(efca1169eb52c4b45a5f9a4535cb62d2) Importer(815301076,1909f56bfc062723c751e8b465ee728b)
Start importing Assets/Audience/Prefabs/Audience 5.prefab using Guid(efca1169eb52c4b45a5f9a4535cb62d2) Importer(815301076,1909f56bfc062723c751e8b465ee728b)  -> (artifact id: 'e701fe58ff5a60a89b55258517c26f86') in 0.014684 seconds 
Editor requested this worker to shutdown with reason: Scaling down because of idle timeout
AssetImportWorker is now disconnected from the server
Process exiting
Exiting without the bug reporter. Application will terminate with return code 0