Using pre-set license
Built from '2021.3/staging' branch; Version is '2021.3.21f1 (1b156197d683) revision 1774945'; Using compiler version '192829333'; Build Type 'Release'
OS: 'Windows 10  (10.0.19045) 64bit Core' Language: 'en' Physical Memory: 16236 MB
BatchMode: 1, IsHumanControllingUs: 0, StartBugReporterOnCrash: 0, Is64bit: 1, IsPro: 1

COMMAND LINE ARGUMENTS:
C:\Unity\2021.3.21f1\Editor\Unity.exe
-adb2
-batchMode
-noUpm
-name
AssetImportWorker21
-projectPath
C:/Unity/Projects/Restaurant
-logFile
Logs/AssetImportWorker21.log
-srvPort
62174
Successfully changed project path to: C:/Unity/Projects/Restaurant
C:/Unity/Projects/Restaurant
[UnityMemory] Configuration Parameters - Can be set up in boot.config
    "memorysetup-bucket-allocator-granularity=16"
    "memorysetup-bucket-allocator-bucket-count=8"
    "memorysetup-bucket-allocator-block-size=33554432"
    "memorysetup-bucket-allocator-block-count=8"
    "memorysetup-main-allocator-block-size=16777216"
    "memorysetup-thread-allocator-block-size=16777216"
    "memorysetup-gfx-main-allocator-block-size=16777216"
    "memorysetup-gfx-thread-allocator-block-size=16777216"
    "memorysetup-cache-allocator-block-size=4194304"
    "memorysetup-typetree-allocator-block-size=2097152"
    "memorysetup-profiler-bucket-allocator-granularity=16"
    "memorysetup-profiler-bucket-allocator-bucket-count=8"
    "memorysetup-profiler-bucket-allocator-block-size=33554432"
    "memorysetup-profiler-bucket-allocator-block-count=8"
    "memorysetup-profiler-allocator-block-size=16777216"
    "memorysetup-profiler-editor-allocator-block-size=1048576"
    "memorysetup-temp-allocator-size-main=16777216"
    "memorysetup-job-temp-allocator-block-size=2097152"
    "memorysetup-job-temp-allocator-block-size-background=1048576"
    "memorysetup-job-temp-allocator-reduction-small-platforms=262144"
    "memorysetup-temp-allocator-size-background-worker=32768"
    "memorysetup-temp-allocator-size-job-worker=262144"
    "memorysetup-temp-allocator-size-preload-manager=33554432"
    "memorysetup-temp-allocator-size-nav-mesh-worker=65536"
    "memorysetup-temp-allocator-size-audio-worker=65536"
    "memorysetup-temp-allocator-size-cloud-worker=32768"
    "memorysetup-temp-allocator-size-gi-baking-worker=262144"
    "memorysetup-temp-allocator-size-gfx=262144"
Player connection [9652] Host "[IP] 192.168.88.1 [Port] 0 [Flags] 2 [Guid] 2431719064 [EditorId] 2431719064 [Version] 1048832 [Id] WindowsEditor(7,LAPTOP-UBFHFKGD) [Debug] 1 [PackageName] WindowsEditor [ProjectName] Editor" joined multi-casting on [225.0.0.222:54997]...

Player connection [9652] Host "[IP] 192.168.88.1 [Port] 0 [Flags] 2 [Guid] 2431719064 [EditorId] 2431719064 [Version] 1048832 [Id] WindowsEditor(7,LAPTOP-UBFHFKGD) [Debug] 1 [PackageName] WindowsEditor [ProjectName] Editor" joined alternative multi-casting on [225.0.0.222:34997]...

Refreshing native plugins compatible for Editor in 65.38 ms, found 3 plugins.
Preloading 0 native plugins for Editor in 0.00 ms.
Initialize engine version: 2021.3.21f1 (1b156197d683)
[Subsystems] Discovering subsystems at path C:/Unity/2021.3.21f1/Editor/Data/Resources/UnitySubsystems
[Subsystems] Discovering subsystems at path C:/Unity/Projects/Restaurant/Assets
GfxDevice: creating device client; threaded=0; jobified=0
Direct3D:
    Version:  Direct3D 11.0 [level 11.1]
    Renderer: NVIDIA GeForce RTX 3060 Laptop GPU (ID=0x2560)
    Vendor:   NVIDIA
    VRAM:     6009 MB
    Driver:   31.0.15.2799
Initialize mono
Mono path[0] = 'C:/Unity/2021.3.21f1/Editor/Data/Managed'
Mono path[1] = 'C:/Unity/2021.3.21f1/Editor/Data/MonoBleedingEdge/lib/mono/unityjit-win32'
Mono config path = 'C:/Unity/2021.3.21f1/Editor/Data/MonoBleedingEdge/etc'
Using monoOptions --debugger-agent=transport=dt_socket,embedding=1,server=y,suspend=n,address=127.0.0.1:56212
Begin MonoManager ReloadAssembly
Registering precompiled unity dll's ...
Register platform support module: C:/Unity/2021.3.21f1/Editor/Data/PlaybackEngines/WebGLSupport/UnityEditor.WebGL.Extensions.dll
Register platform support module: C:/Unity/2021.3.21f1/Editor/Data/PlaybackEngines/AndroidPlayer/UnityEditor.Android.Extensions.dll
Register platform support module: C:/Unity/2021.3.21f1/Editor/Data/PlaybackEngines/WindowsStandaloneSupport/UnityEditor.WindowsStandalone.Extensions.dll
Registered in 0.007612 seconds.
Native extension for WindowsStandalone target not found
Native extension for Android target not found
Android Extension - Scanning For ADB Devices 252 ms
Native extension for WebGL target not found
Refreshing native plugins compatible for Editor in 63.76 ms, found 3 plugins.
Preloading 0 native plugins for Editor in 0.00 ms.
Mono: successfully reloaded assembly
- Completed reload, in  0.865 seconds
Domain Reload Profiling:
	ReloadAssembly (865ms)
		BeginReloadAssembly (80ms)
			ExecutionOrderSort (0ms)
			DisableScriptedObjects (0ms)
			BackupInstance (0ms)
			ReleaseScriptingObjects (0ms)
			CreateAndSetChildDomain (1ms)
		EndReloadAssembly (696ms)
			LoadAssemblies (78ms)
			RebuildTransferFunctionScriptingTraits (0ms)
			SetupTypeCache (104ms)
			ReleaseScriptCaches (0ms)
			RebuildScriptCaches (24ms)
			SetupLoadedEditorAssemblies (521ms)
				LogAssemblyErrors (0ms)
				InitializePlatformSupportModulesInManaged (339ms)
				SetLoadedEditorAssemblies (0ms)
				RefreshPlugins (64ms)
				BeforeProcessingInitializeOnLoad (1ms)
				ProcessInitializeOnLoadAttributes (80ms)
				ProcessInitializeOnLoadMethodAttributes (36ms)
				AfterProcessingInitializeOnLoad (0ms)
				EditorAssembliesLoaded (0ms)
			ExecutionOrderSort2 (0ms)
			AwakeInstancesAfterBackupRestoration (0ms)
Platform modules already initialized, skipping
Registering precompiled user dll's ...
Registered in 0.005972 seconds.
Begin MonoManager ReloadAssembly
Symbol file LoadedFromMemory doesn't match image C:\Unity\Projects\Restaurant\Library\PackageCache\com.unity.visualscripting@1.8.0\Editor\VisualScripting.Core\Dependencies\YamlDotNet\Unity.VisualScripting.YamlDotNet.dll
Symbol file LoadedFromMemory doesn't match image C:\Unity\Projects\Restaurant\Library\PackageCache\com.unity.visualscripting@1.8.0\Editor\VisualScripting.Core\Dependencies\DotNetZip\Unity.VisualScripting.IonicZip.dll
Native extension for WindowsStandalone target not found
Native extension for Android target not found
Native extension for WebGL target not found
Refreshing native plugins compatible for Editor in 0.68 ms, found 3 plugins.
Preloading 0 native plugins for Editor in 0.00 ms.
Mono: successfully reloaded assembly
- Completed reload, in  0.881 seconds
Domain Reload Profiling:
	ReloadAssembly (882ms)
		BeginReloadAssembly (108ms)
			ExecutionOrderSort (0ms)
			DisableScriptedObjects (5ms)
			BackupInstance (0ms)
			ReleaseScriptingObjects (0ms)
			CreateAndSetChildDomain (20ms)
		EndReloadAssembly (683ms)
			LoadAssemblies (84ms)
			RebuildTransferFunctionScriptingTraits (0ms)
			SetupTypeCache (204ms)
			ReleaseScriptCaches (1ms)
			RebuildScriptCaches (43ms)
			SetupLoadedEditorAssemblies (312ms)
				LogAssemblyErrors (0ms)
				InitializePlatformSupportModulesInManaged (17ms)
				SetLoadedEditorAssemblies (0ms)
				RefreshPlugins (1ms)
				BeforeProcessingInitializeOnLoad (74ms)
				ProcessInitializeOnLoadAttributes (195ms)
				ProcessInitializeOnLoadMethodAttributes (16ms)
				AfterProcessingInitializeOnLoad (8ms)
				EditorAssembliesLoaded (0ms)
			ExecutionOrderSort2 (0ms)
			AwakeInstancesAfterBackupRestoration (5ms)
Platform modules already initialized, skipping
========================================================================
Worker process is ready to serve import requests
Launched and connected shader compiler UnityShaderCompiler.exe after 0.04 seconds
Refreshing native plugins compatible for Editor in 0.64 ms, found 3 plugins.
Preloading 0 native plugins for Editor in 0.00 ms.
Unloading 3049 Unused Serialized files (Serialized files now loaded: 0)
Unloading 24 unused Assets / (115.1 KB). Loaded Objects now: 3528.
Memory consumption went from 111.7 MB to 111.6 MB.
Total: 2.705400 ms (FindLiveObjects: 0.216500 ms CreateObjectMapping: 0.093500 ms MarkObjects: 2.285600 ms  DeleteObjects: 0.109000 ms)

AssetImportParameters requested are different than current active one (requested -> active):
  custom:video-decoder-ogg-theora: a1e56fd34408186e4bbccfd4996cb3dc -> 
  custom:container-muxer-webm: aa71ff27fc2769a1b78a27578f13a17b -> 
  custom:container-demuxer-webm: 4f35f7cbe854078d1ac9338744f61a02 -> 
  custom:video-encoder-webm-vp8: eb34c28f22e8b96e1ab97ce403110664 -> 
  custom:video-codec-MediaFoundation-h265: 746d11721c4dcdbdad8f713fa42b33f4 -> 
  custom:audio-encoder-webm-vorbis: bf7c407c2cedff20999df2af8eb42d56 -> 
  custom:framework-win-MediaFoundation: 216162199b28c13a410421893ffa2e32 -> 
  custom:container-demuxer-ogg: 62fdf1f143b41e24485cea50d1cbac27 -> 
  custom:video-decoder-webm-vp8: 9c59270c3fd7afecdb556c50c9e8de78 -> 
  custom:audio-decoder-ogg-vorbis: bf7c407c2cedff20999df2af8eb42d56 -> 
========================================================================
Received Import Request.
  Time since last request: 686286.802125 seconds.
  path: Assets/polygonTrees/polygonTrees/models/modelsWithLods/trees/simpleTreeL/naturalMaterial/leavesMaterialN.mat
  artifactKey: Guid(0bc823c32ff39babdb51d9c01b32385d) Importer(815301076,1909f56bfc062723c751e8b465ee728b)
Start importing Assets/polygonTrees/polygonTrees/models/modelsWithLods/trees/simpleTreeL/naturalMaterial/leavesMaterialN.mat using Guid(0bc823c32ff39babdb51d9c01b32385d) Importer(815301076,1909f56bfc062723c751e8b465ee728b)  -> (artifact id: '72792ee0361b172ac035280dcf70e7a3') in 0.123750 seconds 
========================================================================
Received Import Request.
  Time since last request: 11.639182 seconds.
  path: Assets/polygonTrees/polygonTrees/models/modelsWithLods/trees/simpleTreeL/editableMaterial/treeMaterial.mat
  artifactKey: Guid(69979a1a2b36420bb9f35cf468de9516) Importer(815301076,1909f56bfc062723c751e8b465ee728b)
Start importing Assets/polygonTrees/polygonTrees/models/modelsWithLods/trees/simpleTreeL/editableMaterial/treeMaterial.mat using Guid(69979a1a2b36420bb9f35cf468de9516) Importer(815301076,1909f56bfc062723c751e8b465ee728b)  -> (artifact id: '163f60231585ab7a7ad2d89b1c166bfe') in 0.104529 seconds 
========================================================================
Received Import Request.
  Time since last request: 0.000030 seconds.
  path: Assets/Village Buildings/Materials/Village_House_V3_Wall.mat
  artifactKey: Guid(9d75b7eb7dd304440866a5fedb13a3b0) Importer(815301076,1909f56bfc062723c751e8b465ee728b)
Start importing Assets/Village Buildings/Materials/Village_House_V3_Wall.mat using Guid(9d75b7eb7dd304440866a5fedb13a3b0) Importer(815301076,1909f56bfc062723c751e8b465ee728b)  -> (artifact id: 'afca8c90c96d0ff862237b16dc85ecb4') in 0.186904 seconds 
========================================================================
Received Import Request.
  Time since last request: 10.585684 seconds.
  path: Assets/WoodBucket/Materials/WoodBucket_02_Dirty.mat
  artifactKey: Guid(064a897812737fe4faadb1310f234625) Importer(815301076,1909f56bfc062723c751e8b465ee728b)
Start importing Assets/WoodBucket/Materials/WoodBucket_02_Dirty.mat using Guid(064a897812737fe4faadb1310f234625) Importer(815301076,1909f56bfc062723c751e8b465ee728b)  -> (artifact id: 'e20298e762cf05b9106906454ddcf290') in 0.026893 seconds 
========================================================================
Received Import Request.
  Time since last request: 43.776694 seconds.
  path: Assets/WoodsLifestyle/Models/Props/Exterior/Sign_01_a.fbx
  artifactKey: Guid(ba59d7be943af3c4da5d3f4c1ea6daa0) Importer(815301076,1909f56bfc062723c751e8b465ee728b)
Start importing Assets/WoodsLifestyle/Models/Props/Exterior/Sign_01_a.fbx using Guid(ba59d7be943af3c4da5d3f4c1ea6daa0) Importer(815301076,1909f56bfc062723c751e8b465ee728b)  -> (artifact id: 'a6165f0db00af81456c948924a3d3ef1') in 0.194371 seconds 
========================================================================
Received Import Request.
  Time since last request: 0.000019 seconds.
  path: Assets/WoodsLifestyle/Models/Cabins/Walls/Wall_Narrow_02_c.fbx
  artifactKey: Guid(a38b1d1e20befcf43a077956d65695c4) Importer(815301076,1909f56bfc062723c751e8b465ee728b)
Start importing Assets/WoodsLifestyle/Models/Cabins/Walls/Wall_Narrow_02_c.fbx using Guid(a38b1d1e20befcf43a077956d65695c4) Importer(815301076,1909f56bfc062723c751e8b465ee728b)  -> (artifact id: '2eb1a77f5cabb30620a54df2e803db28') in 0.035768 seconds 
========================================================================
Received Import Request.
  Time since last request: 0.000025 seconds.
  path: Assets/WoodsLifestyle/Models/Cabins/Walls/Wall_Narrow_01_c.fbx
  artifactKey: Guid(b9f6a13223e5a8c429b2359c3e591c86) Importer(815301076,1909f56bfc062723c751e8b465ee728b)
Start importing Assets/WoodsLifestyle/Models/Cabins/Walls/Wall_Narrow_01_c.fbx using Guid(b9f6a13223e5a8c429b2359c3e591c86) Importer(815301076,1909f56bfc062723c751e8b465ee728b)  -> (artifact id: 'c3691bf6135adcf69555c364be9fd2e3') in 0.096370 seconds 
========================================================================
Received Import Request.
  Time since last request: 0.000019 seconds.
  path: Assets/Village Buildings/Models/Village_House_V4.fbx
  artifactKey: Guid(f3212e47276fdf44e95cb8d0df1fa0f3) Importer(815301076,1909f56bfc062723c751e8b465ee728b)
Start importing Assets/Village Buildings/Models/Village_House_V4.fbx using Guid(f3212e47276fdf44e95cb8d0df1fa0f3) Importer(815301076,1909f56bfc062723c751e8b465ee728b)  -> (artifact id: '62b2e5082736306e34bd505001e0aa0d') in 0.185747 seconds 
