Using pre-set license
Built from '2021.3/staging' branch; Version is '2021.3.21f1 (1b156197d683) revision 1774945'; Using compiler version '192829333'; Build Type 'Release'
OS: 'Windows 10  (10.0.19045) 64bit Core' Language: 'en' Physical Memory: 16236 MB
BatchMode: 1, IsHumanControllingUs: 0, StartBugReporterOnCrash: 0, Is64bit: 1, IsPro: 1

COMMAND LINE ARGUMENTS:
C:\Unity\2021.3.21f1\Editor\Unity.exe
-adb2
-batchMode
-noUpm
-name
AssetImportWorker6
-projectPath
C:/Unity/Projects/Restaurant
-logFile
Logs/AssetImportWorker6.log
-srvPort
62174
Successfully changed project path to: C:/Unity/Projects/Restaurant
C:/Unity/Projects/Restaurant
[UnityMemory] Configuration Parameters - Can be set up in boot.config
    "memorysetup-bucket-allocator-granularity=16"
    "memorysetup-bucket-allocator-bucket-count=8"
    "memorysetup-bucket-allocator-block-size=33554432"
    "memorysetup-bucket-allocator-block-count=8"
    "memorysetup-main-allocator-block-size=16777216"
    "memorysetup-thread-allocator-block-size=16777216"
    "memorysetup-gfx-main-allocator-block-size=16777216"
    "memorysetup-gfx-thread-allocator-block-size=16777216"
    "memorysetup-cache-allocator-block-size=4194304"
    "memorysetup-typetree-allocator-block-size=2097152"
    "memorysetup-profiler-bucket-allocator-granularity=16"
    "memorysetup-profiler-bucket-allocator-bucket-count=8"
    "memorysetup-profiler-bucket-allocator-block-size=33554432"
    "memorysetup-profiler-bucket-allocator-block-count=8"
    "memorysetup-profiler-allocator-block-size=16777216"
    "memorysetup-profiler-editor-allocator-block-size=1048576"
    "memorysetup-temp-allocator-size-main=16777216"
    "memorysetup-job-temp-allocator-block-size=2097152"
    "memorysetup-job-temp-allocator-block-size-background=1048576"
    "memorysetup-job-temp-allocator-reduction-small-platforms=262144"
    "memorysetup-temp-allocator-size-background-worker=32768"
    "memorysetup-temp-allocator-size-job-worker=262144"
    "memorysetup-temp-allocator-size-preload-manager=33554432"
    "memorysetup-temp-allocator-size-nav-mesh-worker=65536"
    "memorysetup-temp-allocator-size-audio-worker=65536"
    "memorysetup-temp-allocator-size-cloud-worker=32768"
    "memorysetup-temp-allocator-size-gi-baking-worker=262144"
    "memorysetup-temp-allocator-size-gfx=262144"
Player connection [2492] Host "[IP] 192.168.88.1 [Port] 0 [Flags] 2 [Guid] 4176188799 [EditorId] 4176188799 [Version] 1048832 [Id] WindowsEditor(7,LAPTOP-UBFHFKGD) [Debug] 1 [PackageName] WindowsEditor [ProjectName] Editor" joined multi-casting on [225.0.0.222:54997]...

Player connection [2492] Host "[IP] 192.168.88.1 [Port] 0 [Flags] 2 [Guid] 4176188799 [EditorId] 4176188799 [Version] 1048832 [Id] WindowsEditor(7,LAPTOP-UBFHFKGD) [Debug] 1 [PackageName] WindowsEditor [ProjectName] Editor" joined alternative multi-casting on [225.0.0.222:34997]...

Refreshing native plugins compatible for Editor in 93.55 ms, found 3 plugins.
Preloading 0 native plugins for Editor in 0.00 ms.
Initialize engine version: 2021.3.21f1 (1b156197d683)
[Subsystems] Discovering subsystems at path C:/Unity/2021.3.21f1/Editor/Data/Resources/UnitySubsystems
[Subsystems] Discovering subsystems at path C:/Unity/Projects/Restaurant/Assets
GfxDevice: creating device client; threaded=0; jobified=0
Direct3D:
    Version:  Direct3D 11.0 [level 11.1]
    Renderer: NVIDIA GeForce RTX 3060 Laptop GPU (ID=0x2560)
    Vendor:   NVIDIA
    VRAM:     6009 MB
    Driver:   31.0.15.2799
Initialize mono
Mono path[0] = 'C:/Unity/2021.3.21f1/Editor/Data/Managed'
Mono path[1] = 'C:/Unity/2021.3.21f1/Editor/Data/MonoBleedingEdge/lib/mono/unityjit-win32'
Mono config path = 'C:/Unity/2021.3.21f1/Editor/Data/MonoBleedingEdge/etc'
Using monoOptions --debugger-agent=transport=dt_socket,embedding=1,server=y,suspend=n,address=127.0.0.1:56776
Begin MonoManager ReloadAssembly
Registering precompiled unity dll's ...
Register platform support module: C:/Unity/2021.3.21f1/Editor/Data/PlaybackEngines/WebGLSupport/UnityEditor.WebGL.Extensions.dll
Register platform support module: C:/Unity/2021.3.21f1/Editor/Data/PlaybackEngines/AndroidPlayer/UnityEditor.Android.Extensions.dll
Register platform support module: C:/Unity/2021.3.21f1/Editor/Data/PlaybackEngines/WindowsStandaloneSupport/UnityEditor.WindowsStandalone.Extensions.dll
Registered in 0.007069 seconds.
Native extension for WindowsStandalone target not found
Native extension for Android target not found
Android Extension - Scanning For ADB Devices 235 ms
Native extension for WebGL target not found
Refreshing native plugins compatible for Editor in 64.35 ms, found 3 plugins.
Preloading 0 native plugins for Editor in 0.00 ms.
Mono: successfully reloaded assembly
- Completed reload, in  0.851 seconds
Domain Reload Profiling:
	ReloadAssembly (851ms)
		BeginReloadAssembly (107ms)
			ExecutionOrderSort (0ms)
			DisableScriptedObjects (0ms)
			BackupInstance (0ms)
			ReleaseScriptingObjects (0ms)
			CreateAndSetChildDomain (1ms)
		EndReloadAssembly (648ms)
			LoadAssemblies (104ms)
			RebuildTransferFunctionScriptingTraits (0ms)
			SetupTypeCache (88ms)
			ReleaseScriptCaches (0ms)
			RebuildScriptCaches (25ms)
			SetupLoadedEditorAssemblies (488ms)
				LogAssemblyErrors (0ms)
				InitializePlatformSupportModulesInManaged (306ms)
				SetLoadedEditorAssemblies (0ms)
				RefreshPlugins (64ms)
				BeforeProcessingInitializeOnLoad (1ms)
				ProcessInitializeOnLoadAttributes (78ms)
				ProcessInitializeOnLoadMethodAttributes (38ms)
				AfterProcessingInitializeOnLoad (0ms)
				EditorAssembliesLoaded (0ms)
			ExecutionOrderSort2 (0ms)
			AwakeInstancesAfterBackupRestoration (0ms)
Platform modules already initialized, skipping
Registering precompiled user dll's ...
Registered in 0.005219 seconds.
Begin MonoManager ReloadAssembly
Symbol file LoadedFromMemory doesn't match image C:\Unity\Projects\Restaurant\Library\PackageCache\com.unity.visualscripting@1.8.0\Editor\VisualScripting.Core\Dependencies\YamlDotNet\Unity.VisualScripting.YamlDotNet.dll
Symbol file LoadedFromMemory doesn't match image C:\Unity\Projects\Restaurant\Library\PackageCache\com.unity.visualscripting@1.8.0\Editor\VisualScripting.Core\Dependencies\DotNetZip\Unity.VisualScripting.IonicZip.dll
Native extension for WindowsStandalone target not found
Native extension for Android target not found
Native extension for WebGL target not found
Refreshing native plugins compatible for Editor in 0.61 ms, found 3 plugins.
Preloading 0 native plugins for Editor in 0.00 ms.
Mono: successfully reloaded assembly
- Completed reload, in  0.891 seconds
Domain Reload Profiling:
	ReloadAssembly (892ms)
		BeginReloadAssembly (111ms)
			ExecutionOrderSort (0ms)
			DisableScriptedObjects (5ms)
			BackupInstance (0ms)
			ReleaseScriptingObjects (0ms)
			CreateAndSetChildDomain (21ms)
		EndReloadAssembly (692ms)
			LoadAssemblies (79ms)
			RebuildTransferFunctionScriptingTraits (0ms)
			SetupTypeCache (212ms)
			ReleaseScriptCaches (1ms)
			RebuildScriptCaches (45ms)
			SetupLoadedEditorAssemblies (314ms)
				LogAssemblyErrors (0ms)
				InitializePlatformSupportModulesInManaged (19ms)
				SetLoadedEditorAssemblies (0ms)
				RefreshPlugins (1ms)
				BeforeProcessingInitializeOnLoad (72ms)
				ProcessInitializeOnLoadAttributes (195ms)
				ProcessInitializeOnLoadMethodAttributes (18ms)
				AfterProcessingInitializeOnLoad (8ms)
				EditorAssembliesLoaded (0ms)
			ExecutionOrderSort2 (0ms)
			AwakeInstancesAfterBackupRestoration (5ms)
Platform modules already initialized, skipping
========================================================================
Worker process is ready to serve import requests
Launched and connected shader compiler UnityShaderCompiler.exe after 0.04 seconds
Refreshing native plugins compatible for Editor in 0.96 ms, found 3 plugins.
Preloading 0 native plugins for Editor in 0.00 ms.
Unloading 3049 Unused Serialized files (Serialized files now loaded: 0)
Unloading 24 unused Assets / (114.3 KB). Loaded Objects now: 3521.
Memory consumption went from 109.7 MB to 109.6 MB.
Total: 3.187600 ms (FindLiveObjects: 0.224500 ms CreateObjectMapping: 0.093600 ms MarkObjects: 2.743900 ms  DeleteObjects: 0.124500 ms)

AssetImportParameters requested are different than current active one (requested -> active):
  custom:video-decoder-ogg-theora: a1e56fd34408186e4bbccfd4996cb3dc -> 
  custom:container-muxer-webm: aa71ff27fc2769a1b78a27578f13a17b -> 
  custom:container-demuxer-webm: 4f35f7cbe854078d1ac9338744f61a02 -> 
  custom:video-encoder-webm-vp8: eb34c28f22e8b96e1ab97ce403110664 -> 
  custom:video-codec-MediaFoundation-h265: 746d11721c4dcdbdad8f713fa42b33f4 -> 
  custom:audio-encoder-webm-vorbis: bf7c407c2cedff20999df2af8eb42d56 -> 
  custom:framework-win-MediaFoundation: 216162199b28c13a410421893ffa2e32 -> 
  custom:container-demuxer-ogg: 62fdf1f143b41e24485cea50d1cbac27 -> 
  custom:video-decoder-webm-vp8: 9c59270c3fd7afecdb556c50c9e8de78 -> 
  custom:audio-decoder-ogg-vorbis: bf7c407c2cedff20999df2af8eb42d56 -> 
========================================================================
Received Import Request.
  Time since last request: 680463.801831 seconds.
  path: Assets/3D Low-Poly Tables/Prefabs/Table 1.prefab
  artifactKey: Guid(0aa495299b846c3438f6a5851b7cd3b1) Importer(815301076,1909f56bfc062723c751e8b465ee728b)
Start importing Assets/3D Low-Poly Tables/Prefabs/Table 1.prefab using Guid(0aa495299b846c3438f6a5851b7cd3b1) Importer(815301076,1909f56bfc062723c751e8b465ee728b)  -> (artifact id: '5ebb8520c386aa358c55ddb03257beb1') in 0.240379 seconds 
========================================================================
Received Import Request.
  Time since last request: 150.032072 seconds.
  path: Assets/3D Low-Poly Tables/Mesh/Table 1.fbx
  artifactKey: Guid(e312d20e08d445a499cd4756c0ae6be0) Importer(815301076,1909f56bfc062723c751e8b465ee728b)
Start importing Assets/3D Low-Poly Tables/Mesh/Table 1.fbx using Guid(e312d20e08d445a499cd4756c0ae6be0) Importer(815301076,1909f56bfc062723c751e8b465ee728b)  -> (artifact id: '98de50556b74cc2520d1a3d163a51ff3') in 0.073701 seconds 
========================================================================
Received Import Request.
  Time since last request: 0.000030 seconds.
  path: Assets/3D Low-Poly Tables/Mesh/Table 3.fbx
  artifactKey: Guid(cb63ad3e4df9efd478dc76a83e02a693) Importer(815301076,1909f56bfc062723c751e8b465ee728b)
Start importing Assets/3D Low-Poly Tables/Mesh/Table 3.fbx using Guid(cb63ad3e4df9efd478dc76a83e02a693) Importer(815301076,1909f56bfc062723c751e8b465ee728b)  -> (artifact id: 'f647c2f925992e4629e0b78a5b385d1c') in 0.065172 seconds 
========================================================================
Received Import Request.
  Time since last request: 0.000036 seconds.
  path: Assets/3D Low-Poly Tables/Mesh/Table 2.obj
  artifactKey: Guid(c552683e074a156439ccdfa45551d4c0) Importer(815301076,1909f56bfc062723c751e8b465ee728b)
Start importing Assets/3D Low-Poly Tables/Mesh/Table 2.obj using Guid(c552683e074a156439ccdfa45551d4c0) Importer(815301076,1909f56bfc062723c751e8b465ee728b)  -> (artifact id: 'faeac1958504c75e18ca03c7979c4b8f') in 0.215491 seconds 
========================================================================
Received Import Request.
  Time since last request: 25.234998 seconds.
  path: Assets/3D Low-Poly Tables/Textures/Table 2/AO Table 2.png
  artifactKey: Guid(dace49feb33b0dd4cabbb543d4484e62) Importer(815301076,1909f56bfc062723c751e8b465ee728b)
Start importing Assets/3D Low-Poly Tables/Textures/Table 2/AO Table 2.png using Guid(dace49feb33b0dd4cabbb543d4484e62) Importer(815301076,1909f56bfc062723c751e8b465ee728b)  -> (artifact id: '41c8760cf154971aa33015a7b3cfd603') in 0.111670 seconds 
========================================================================
Received Import Request.
  Time since last request: 0.000047 seconds.
  path: Assets/3D Low-Poly Tables/Textures/Table 2/Table 2_Roughness.png
  artifactKey: Guid(b9c7d987655ac5c4b829527a8edbff04) Importer(815301076,1909f56bfc062723c751e8b465ee728b)
Start importing Assets/3D Low-Poly Tables/Textures/Table 2/Table 2_Roughness.png using Guid(b9c7d987655ac5c4b829527a8edbff04) Importer(815301076,1909f56bfc062723c751e8b465ee728b)  -> (artifact id: 'd7cd54115a0f646460873ccd7dde9b76') in 0.073124 seconds 
========================================================================
Received Import Request.
  Time since last request: 3.832055 seconds.
  path: Assets/3D Low-Poly Tables/Textures/Table 2/HDRP URP/Table 2_SpecularSmoothness.png
  artifactKey: Guid(5793898b7e4fb5e4987d108fa74bb9ec) Importer(815301076,1909f56bfc062723c751e8b465ee728b)
Start importing Assets/3D Low-Poly Tables/Textures/Table 2/HDRP URP/Table 2_SpecularSmoothness.png using Guid(5793898b7e4fb5e4987d108fa74bb9ec) Importer(815301076,1909f56bfc062723c751e8b465ee728b)  -> (artifact id: '8e5f344dc816a2a4d6d3d91d9af56111') in 0.084434 seconds 
========================================================================
Received Import Request.
  Time since last request: 2.457740 seconds.
  path: Assets/3D Low-Poly Tables/Textures/Table 1/AO Table 1.png
  artifactKey: Guid(b4f448f0a0c5a8745b5704f6ded466ea) Importer(815301076,1909f56bfc062723c751e8b465ee728b)
Start importing Assets/3D Low-Poly Tables/Textures/Table 1/AO Table 1.png using Guid(b4f448f0a0c5a8745b5704f6ded466ea) Importer(815301076,1909f56bfc062723c751e8b465ee728b)  -> (artifact id: 'e89a4b4999abab87d1f54ee037dca2d3') in 0.017304 seconds 
========================================================================
Received Import Request.
  Time since last request: 0.000024 seconds.
  path: Assets/3D Low-Poly Tables/Textures/Table 1/Table 1_Roughness.png
  artifactKey: Guid(db5cb4c7afcac944f8d5d499bfa41a5d) Importer(815301076,1909f56bfc062723c751e8b465ee728b)
Start importing Assets/3D Low-Poly Tables/Textures/Table 1/Table 1_Roughness.png using Guid(db5cb4c7afcac944f8d5d499bfa41a5d) Importer(815301076,1909f56bfc062723c751e8b465ee728b)  -> (artifact id: '9bfb0f7fc85d93dbbf01f52cd5ee2c35') in 0.106317 seconds 
========================================================================
Received Import Request.
  Time since last request: 1.932779 seconds.
  path: Assets/3D Low-Poly Tables/Materials/Table 1.mat
  artifactKey: Guid(927546e6063f5fa48b51c1115092205a) Importer(815301076,1909f56bfc062723c751e8b465ee728b)
Start importing Assets/3D Low-Poly Tables/Materials/Table 1.mat using Guid(927546e6063f5fa48b51c1115092205a) Importer(815301076,1909f56bfc062723c751e8b465ee728b)  -> (artifact id: '5436b6a75c7f57c38453ff1c5e5f4490') in 0.022623 seconds 
========================================================================
Received Import Request.
  Time since last request: 20.731895 seconds.
  path: Assets/BarProps/Prefabs/WoodenSeatBacked.dae
  artifactKey: Guid(e5f6c578761bc4e41a03985bf01ba61b) Importer(815301076,1909f56bfc062723c751e8b465ee728b)
Start importing Assets/BarProps/Prefabs/WoodenSeatBacked.dae using Guid(e5f6c578761bc4e41a03985bf01ba61b) Importer(815301076,1909f56bfc062723c751e8b465ee728b)  -> (artifact id: '6fd8631edc3b2067deb6c4cd182af885') in 0.101662 seconds 
Editor requested this worker to shutdown with reason: Scaling down because of idle timeout
AssetImportWorker is now disconnected from the server
Process exiting
Exiting without the bug reporter. Application will terminate with return code 0