Using pre-set license
Built from '2021.3/staging' branch; Version is '2021.3.21f1 (1b156197d683) revision 1774945'; Using compiler version '192829333'; Build Type 'Release'
OS: 'Windows 10  (10.0.19045) 64bit Core' Language: 'en' Physical Memory: 16236 MB
BatchMode: 1, IsHumanControllingUs: 0, StartBugReporterOnCrash: 0, Is64bit: 1, IsPro: 1

COMMAND LINE ARGUMENTS:
C:\Unity\2021.3.21f1\Editor\Unity.exe
-adb2
-batchMode
-noUpm
-name
AssetImportWorker4
-projectPath
C:/Unity/Projects/Restaurant
-logFile
Logs/AssetImportWorker4.log
-srvPort
62174
Successfully changed project path to: C:/Unity/Projects/Restaurant
C:/Unity/Projects/Restaurant
[UnityMemory] Configuration Parameters - Can be set up in boot.config
    "memorysetup-bucket-allocator-granularity=16"
    "memorysetup-bucket-allocator-bucket-count=8"
    "memorysetup-bucket-allocator-block-size=33554432"
    "memorysetup-bucket-allocator-block-count=8"
    "memorysetup-main-allocator-block-size=16777216"
    "memorysetup-thread-allocator-block-size=16777216"
    "memorysetup-gfx-main-allocator-block-size=16777216"
    "memorysetup-gfx-thread-allocator-block-size=16777216"
    "memorysetup-cache-allocator-block-size=4194304"
    "memorysetup-typetree-allocator-block-size=2097152"
    "memorysetup-profiler-bucket-allocator-granularity=16"
    "memorysetup-profiler-bucket-allocator-bucket-count=8"
    "memorysetup-profiler-bucket-allocator-block-size=33554432"
    "memorysetup-profiler-bucket-allocator-block-count=8"
    "memorysetup-profiler-allocator-block-size=16777216"
    "memorysetup-profiler-editor-allocator-block-size=1048576"
    "memorysetup-temp-allocator-size-main=16777216"
    "memorysetup-job-temp-allocator-block-size=2097152"
    "memorysetup-job-temp-allocator-block-size-background=1048576"
    "memorysetup-job-temp-allocator-reduction-small-platforms=262144"
    "memorysetup-temp-allocator-size-background-worker=32768"
    "memorysetup-temp-allocator-size-job-worker=262144"
    "memorysetup-temp-allocator-size-preload-manager=33554432"
    "memorysetup-temp-allocator-size-nav-mesh-worker=65536"
    "memorysetup-temp-allocator-size-audio-worker=65536"
    "memorysetup-temp-allocator-size-cloud-worker=32768"
    "memorysetup-temp-allocator-size-gi-baking-worker=262144"
    "memorysetup-temp-allocator-size-gfx=262144"
Player connection [24288] Host "[IP] 192.168.88.1 [Port] 0 [Flags] 2 [Guid] 2538258790 [EditorId] 2538258790 [Version] 1048832 [Id] WindowsEditor(7,LAPTOP-UBFHFKGD) [Debug] 1 [PackageName] WindowsEditor [ProjectName] Editor" joined multi-casting on [225.0.0.222:54997]...

Player connection [24288] Host "[IP] 192.168.88.1 [Port] 0 [Flags] 2 [Guid] 2538258790 [EditorId] 2538258790 [Version] 1048832 [Id] WindowsEditor(7,LAPTOP-UBFHFKGD) [Debug] 1 [PackageName] WindowsEditor [ProjectName] Editor" joined alternative multi-casting on [225.0.0.222:34997]...

Refreshing native plugins compatible for Editor in 63.71 ms, found 3 plugins.
Preloading 0 native plugins for Editor in 0.00 ms.
Initialize engine version: 2021.3.21f1 (1b156197d683)
[Subsystems] Discovering subsystems at path C:/Unity/2021.3.21f1/Editor/Data/Resources/UnitySubsystems
[Subsystems] Discovering subsystems at path C:/Unity/Projects/Restaurant/Assets
GfxDevice: creating device client; threaded=0; jobified=0
Direct3D:
    Version:  Direct3D 11.0 [level 11.1]
    Renderer: NVIDIA GeForce RTX 3060 Laptop GPU (ID=0x2560)
    Vendor:   NVIDIA
    VRAM:     6009 MB
    Driver:   31.0.15.2799
Initialize mono
Mono path[0] = 'C:/Unity/2021.3.21f1/Editor/Data/Managed'
Mono path[1] = 'C:/Unity/2021.3.21f1/Editor/Data/MonoBleedingEdge/lib/mono/unityjit-win32'
Mono config path = 'C:/Unity/2021.3.21f1/Editor/Data/MonoBleedingEdge/etc'
Using monoOptions --debugger-agent=transport=dt_socket,embedding=1,server=y,suspend=n,address=127.0.0.1:56084
Begin MonoManager ReloadAssembly
Registering precompiled unity dll's ...
Register platform support module: C:/Unity/2021.3.21f1/Editor/Data/PlaybackEngines/WebGLSupport/UnityEditor.WebGL.Extensions.dll
Register platform support module: C:/Unity/2021.3.21f1/Editor/Data/PlaybackEngines/AndroidPlayer/UnityEditor.Android.Extensions.dll
Register platform support module: C:/Unity/2021.3.21f1/Editor/Data/PlaybackEngines/WindowsStandaloneSupport/UnityEditor.WindowsStandalone.Extensions.dll
Registered in 0.006292 seconds.
Native extension for WindowsStandalone target not found
Native extension for Android target not found
Android Extension - Scanning For ADB Devices 230 ms
Native extension for WebGL target not found
Refreshing native plugins compatible for Editor in 61.51 ms, found 3 plugins.
Preloading 0 native plugins for Editor in 0.00 ms.
Mono: successfully reloaded assembly
- Completed reload, in  0.785 seconds
Domain Reload Profiling:
	ReloadAssembly (786ms)
		BeginReloadAssembly (74ms)
			ExecutionOrderSort (0ms)
			DisableScriptedObjects (0ms)
			BackupInstance (0ms)
			ReleaseScriptingObjects (0ms)
			CreateAndSetChildDomain (1ms)
		EndReloadAssembly (628ms)
			LoadAssemblies (72ms)
			RebuildTransferFunctionScriptingTraits (0ms)
			SetupTypeCache (83ms)
			ReleaseScriptCaches (0ms)
			RebuildScriptCaches (24ms)
			SetupLoadedEditorAssemblies (476ms)
				LogAssemblyErrors (0ms)
				InitializePlatformSupportModulesInManaged (300ms)
				SetLoadedEditorAssemblies (0ms)
				RefreshPlugins (62ms)
				BeforeProcessingInitializeOnLoad (1ms)
				ProcessInitializeOnLoadAttributes (78ms)
				ProcessInitializeOnLoadMethodAttributes (35ms)
				AfterProcessingInitializeOnLoad (0ms)
				EditorAssembliesLoaded (0ms)
			ExecutionOrderSort2 (0ms)
			AwakeInstancesAfterBackupRestoration (0ms)
Platform modules already initialized, skipping
Registering precompiled user dll's ...
Registered in 0.005097 seconds.
Begin MonoManager ReloadAssembly
Symbol file LoadedFromMemory doesn't match image C:\Unity\Projects\Restaurant\Library\PackageCache\com.unity.visualscripting@1.8.0\Editor\VisualScripting.Core\Dependencies\YamlDotNet\Unity.VisualScripting.YamlDotNet.dll
Symbol file LoadedFromMemory doesn't match image C:\Unity\Projects\Restaurant\Library\PackageCache\com.unity.visualscripting@1.8.0\Editor\VisualScripting.Core\Dependencies\DotNetZip\Unity.VisualScripting.IonicZip.dll
Native extension for WindowsStandalone target not found
Native extension for Android target not found
Native extension for WebGL target not found
Refreshing native plugins compatible for Editor in 0.60 ms, found 3 plugins.
Preloading 0 native plugins for Editor in 0.00 ms.
Mono: successfully reloaded assembly
- Completed reload, in  0.873 seconds
Domain Reload Profiling:
	ReloadAssembly (874ms)
		BeginReloadAssembly (107ms)
			ExecutionOrderSort (0ms)
			DisableScriptedObjects (5ms)
			BackupInstance (0ms)
			ReleaseScriptingObjects (0ms)
			CreateAndSetChildDomain (20ms)
		EndReloadAssembly (678ms)
			LoadAssemblies (79ms)
			RebuildTransferFunctionScriptingTraits (0ms)
			SetupTypeCache (202ms)
			ReleaseScriptCaches (0ms)
			RebuildScriptCaches (46ms)
			SetupLoadedEditorAssemblies (313ms)
				LogAssemblyErrors (0ms)
				InitializePlatformSupportModulesInManaged (18ms)
				SetLoadedEditorAssemblies (0ms)
				RefreshPlugins (1ms)
				BeforeProcessingInitializeOnLoad (72ms)
				ProcessInitializeOnLoadAttributes (196ms)
				ProcessInitializeOnLoadMethodAttributes (17ms)
				AfterProcessingInitializeOnLoad (8ms)
				EditorAssembliesLoaded (0ms)
			ExecutionOrderSort2 (0ms)
			AwakeInstancesAfterBackupRestoration (4ms)
Platform modules already initialized, skipping
========================================================================
Worker process is ready to serve import requests
Launched and connected shader compiler UnityShaderCompiler.exe after 0.04 seconds
Refreshing native plugins compatible for Editor in 0.95 ms, found 3 plugins.
Preloading 0 native plugins for Editor in 0.00 ms.
Unloading 3049 Unused Serialized files (Serialized files now loaded: 0)
Unloading 24 unused Assets / (114.3 KB). Loaded Objects now: 3521.
Memory consumption went from 109.7 MB to 109.6 MB.
Total: 5.616500 ms (FindLiveObjects: 0.541600 ms CreateObjectMapping: 0.186500 ms MarkObjects: 4.526000 ms  DeleteObjects: 0.360900 ms)

AssetImportParameters requested are different than current active one (requested -> active):
  custom:video-decoder-ogg-theora: a1e56fd34408186e4bbccfd4996cb3dc -> 
  custom:container-muxer-webm: aa71ff27fc2769a1b78a27578f13a17b -> 
  custom:container-demuxer-webm: 4f35f7cbe854078d1ac9338744f61a02 -> 
  custom:video-encoder-webm-vp8: eb34c28f22e8b96e1ab97ce403110664 -> 
  custom:video-codec-MediaFoundation-h265: 746d11721c4dcdbdad8f713fa42b33f4 -> 
  custom:audio-encoder-webm-vorbis: bf7c407c2cedff20999df2af8eb42d56 -> 
  custom:framework-win-MediaFoundation: 216162199b28c13a410421893ffa2e32 -> 
  custom:container-demuxer-ogg: 62fdf1f143b41e24485cea50d1cbac27 -> 
  custom:video-decoder-webm-vp8: 9c59270c3fd7afecdb556c50c9e8de78 -> 
  custom:audio-decoder-ogg-vorbis: bf7c407c2cedff20999df2af8eb42d56 -> 
========================================================================
Received Import Request.
  Time since last request: 679828.738767 seconds.
  path: Assets/Julien Tonsuso/Modular Fantasy Bridges
  artifactKey: Guid(a4a7b06317ff78545b2ab562490c687f) Importer(815301076,1909f56bfc062723c751e8b465ee728b)
Start importing Assets/Julien Tonsuso/Modular Fantasy Bridges using Guid(a4a7b06317ff78545b2ab562490c687f) Importer(815301076,1909f56bfc062723c751e8b465ee728b)  -> (artifact id: '02c282fe328bfd82fd3e22725d7b9da0') in 0.014618 seconds 
========================================================================
Received Import Request.
  Time since last request: 1.253943 seconds.
  path: Assets/Julien Tonsuso/Modular Fantasy Bridges/Models
  artifactKey: Guid(f67e5fe318c413941847e6db36a0af43) Importer(815301076,1909f56bfc062723c751e8b465ee728b)
Start importing Assets/Julien Tonsuso/Modular Fantasy Bridges/Models using Guid(f67e5fe318c413941847e6db36a0af43) Importer(815301076,1909f56bfc062723c751e8b465ee728b)  -> (artifact id: 'c8b8e2b2a7bb075e51d1fc4f9f0b50f9') in 0.008042 seconds 
========================================================================
Received Import Request.
  Time since last request: 0.066933 seconds.
  path: Assets/Julien Tonsuso/Modular Fantasy Bridges/Models/bridge_01.fbx
  artifactKey: Guid(7d53fdec5e7b82142a88b4f220a02132) Importer(815301076,1909f56bfc062723c751e8b465ee728b)
Start importing Assets/Julien Tonsuso/Modular Fantasy Bridges/Models/bridge_01.fbx using Guid(7d53fdec5e7b82142a88b4f220a02132) Importer(815301076,1909f56bfc062723c751e8b465ee728b)  -> (artifact id: '4e8ff160f24f1bc8ab3f3f159d29871a') in 0.192282 seconds 
========================================================================
Received Import Request.
  Time since last request: 4.214885 seconds.
  path: Assets/Crates00/Prefabs
  artifactKey: Guid(65e2b03c95202264b974764ba157dbbe) Importer(815301076,1909f56bfc062723c751e8b465ee728b)
Start importing Assets/Crates00/Prefabs using Guid(65e2b03c95202264b974764ba157dbbe) Importer(815301076,1909f56bfc062723c751e8b465ee728b)  -> (artifact id: '3d6fc64abb86193c9269fcd279d0a972') in 0.019068 seconds 
========================================================================
Received Import Request.
  Time since last request: 0.332854 seconds.
  path: Assets/Crates00/Prefabs/Prop_Crate00.prefab
  artifactKey: Guid(abbf673225b3d3244926139c3c7b3c86) Importer(815301076,1909f56bfc062723c751e8b465ee728b)
Start importing Assets/Crates00/Prefabs/Prop_Crate00.prefab using Guid(abbf673225b3d3244926139c3c7b3c86) Importer(815301076,1909f56bfc062723c751e8b465ee728b)  -> (artifact id: '8f10b22b0a80c8549e83570076232c09') in 0.120792 seconds 
========================================================================
Received Import Request.
  Time since last request: 114.052597 seconds.
  path: Assets/Crates00/Meshes/Prop_Crate00.FBX
  artifactKey: Guid(61c7f7c31fe627845bd28aecf830715f) Importer(815301076,1909f56bfc062723c751e8b465ee728b)
Start importing Assets/Crates00/Meshes/Prop_Crate00.FBX using Guid(61c7f7c31fe627845bd28aecf830715f) Importer(815301076,1909f56bfc062723c751e8b465ee728b)  -> (artifact id: '2ee472f662c0b2ad1990f276b7b1f24c') in 0.015753 seconds 
========================================================================
Received Import Request.
  Time since last request: 3.436284 seconds.
  path: Assets/Classic Skybox/sky02.mat
  artifactKey: Guid(1407c2790b7870b42a0df8ac84066e0c) Importer(815301076,1909f56bfc062723c751e8b465ee728b)
Start importing Assets/Classic Skybox/sky02.mat using Guid(1407c2790b7870b42a0df8ac84066e0c) Importer(815301076,1909f56bfc062723c751e8b465ee728b)  -> (artifact id: '385063ad344659671fd7a3c3315a5590') in 0.133659 seconds 
========================================================================
Received Import Request.
  Time since last request: 1.333233 seconds.
  path: Assets/CorcraProps_Furniture_Lite/Scenes
  artifactKey: Guid(6d4321ecdf283304a921415b0c4da871) Importer(815301076,1909f56bfc062723c751e8b465ee728b)
Start importing Assets/CorcraProps_Furniture_Lite/Scenes using Guid(6d4321ecdf283304a921415b0c4da871) Importer(815301076,1909f56bfc062723c751e8b465ee728b)  -> (artifact id: '7fe9c80ef5cf4390831674f10df1ec96') in 0.018923 seconds 
========================================================================
Received Import Request.
  Time since last request: 5.544820 seconds.
  path: Assets/CorcraProps_Furniture_Lite/Scenes/Scripts
  artifactKey: Guid(9e4c98800d969994c8fe3cd105d0ab2d) Importer(815301076,1909f56bfc062723c751e8b465ee728b)
Start importing Assets/CorcraProps_Furniture_Lite/Scenes/Scripts using Guid(9e4c98800d969994c8fe3cd105d0ab2d) Importer(815301076,1909f56bfc062723c751e8b465ee728b)  -> (artifact id: '8b02faf00dfa7e4a7158c34cea96b494') in 0.008200 seconds 
========================================================================
Received Import Request.
  Time since last request: 4.173400 seconds.
  path: Assets/Chess Set/Chess Set.fbx
  artifactKey: Guid(333d9e0c2d0c22bb5ad021bc40a7a257) Importer(815301076,1909f56bfc062723c751e8b465ee728b)
Start importing Assets/Chess Set/Chess Set.fbx using Guid(333d9e0c2d0c22bb5ad021bc40a7a257) Importer(815301076,1909f56bfc062723c751e8b465ee728b)  -> (artifact id: '5009de05b88d1c1b06dc97ad6227fbee') in 0.628339 seconds 
========================================================================
Received Import Request.
  Time since last request: 1.905373 seconds.
  path: Assets/Barrels/Prefabs
  artifactKey: Guid(7eb6676be8b92ec4780e57809a52afd4) Importer(815301076,1909f56bfc062723c751e8b465ee728b)
Start importing Assets/Barrels/Prefabs using Guid(7eb6676be8b92ec4780e57809a52afd4) Importer(815301076,1909f56bfc062723c751e8b465ee728b)  -> (artifact id: '1a994e7b139817d3362c3b5efa8f0e11') in 0.007886 seconds 
========================================================================
Received Import Request.
  Time since last request: 0.107570 seconds.
  path: Assets/Barrels/Prefabs/Barrel1 Obj.prefab
  artifactKey: Guid(55a1e1fa47484314d829f7bdf1f3bd09) Importer(815301076,1909f56bfc062723c751e8b465ee728b)
Start importing Assets/Barrels/Prefabs/Barrel1 Obj.prefab using Guid(55a1e1fa47484314d829f7bdf1f3bd09) Importer(815301076,1909f56bfc062723c751e8b465ee728b)  -> (artifact id: '00a775f035779bb85356f3dccdb44d0b') in 0.179003 seconds 
========================================================================
Received Import Request.
  Time since last request: 0.000019 seconds.
  path: Assets/Barrels/Prefabs/Barrel2 Obj.prefab
  artifactKey: Guid(cdb4b09be3531a148bc681dca5b02be0) Importer(815301076,1909f56bfc062723c751e8b465ee728b)
Start importing Assets/Barrels/Prefabs/Barrel2 Obj.prefab using Guid(cdb4b09be3531a148bc681dca5b02be0) Importer(815301076,1909f56bfc062723c751e8b465ee728b)  -> (artifact id: '991fd81919c49d5855acc6e36e2acd30') in 0.064399 seconds 
========================================================================
Received Import Request.
  Time since last request: 3.273074 seconds.
  path: Assets/Barrels/Materials/Barrel 1.mat
  artifactKey: Guid(9db0ad2cc546daa4e8f049c80b9f246c) Importer(815301076,1909f56bfc062723c751e8b465ee728b)
Start importing Assets/Barrels/Materials/Barrel 1.mat using Guid(9db0ad2cc546daa4e8f049c80b9f246c) Importer(815301076,1909f56bfc062723c751e8b465ee728b)  -> (artifact id: '95ac831bddeac212e0e1014e309a97ea') in 0.023565 seconds 
========================================================================
Received Import Request.
  Time since last request: 15.122672 seconds.
  path: Assets/MedievalTavernPack/Meshes/Ornaments/barrel_01.FBX
  artifactKey: Guid(fa5724cd54375e74a99cea8a9350373b) Importer(815301076,1909f56bfc062723c751e8b465ee728b)
Start importing Assets/MedievalTavernPack/Meshes/Ornaments/barrel_01.FBX using Guid(fa5724cd54375e74a99cea8a9350373b) Importer(815301076,1909f56bfc062723c751e8b465ee728b)  -> (artifact id: 'd4141ebd6947ed87e61c838d9e3bdd99') in 0.020431 seconds 
========================================================================
Received Import Request.
  Time since last request: 0.335212 seconds.
  path: Assets/MedievalTavernPack/Meshes/Furniture/cupboard_01.FBX
  artifactKey: Guid(935c28dad022ac24ebf06438d16e9da4) Importer(815301076,1909f56bfc062723c751e8b465ee728b)
Start importing Assets/MedievalTavernPack/Meshes/Furniture/cupboard_01.FBX using Guid(935c28dad022ac24ebf06438d16e9da4) Importer(815301076,1909f56bfc062723c751e8b465ee728b)  -> (artifact id: 'ebc3347d103ede733ec0c163f3306df4') in 0.111883 seconds 
========================================================================
Received Import Request.
  Time since last request: 51.291884 seconds.
  path: Assets/MedievalTavernPack/Meshes/Tableware/glass_01.FBX
  artifactKey: Guid(a0db4d75ef247554c811265e7d82d89c) Importer(815301076,1909f56bfc062723c751e8b465ee728b)
Start importing Assets/MedievalTavernPack/Meshes/Tableware/glass_01.FBX using Guid(a0db4d75ef247554c811265e7d82d89c) Importer(815301076,1909f56bfc062723c751e8b465ee728b)  -> (artifact id: '9c74b709de23342cce5486b87ef99078') in 0.029531 seconds 
========================================================================
Received Import Request.
  Time since last request: 8.349631 seconds.
  path: Assets/MedievalTavernPack/Material/Furniture
  artifactKey: Guid(9f8fe1f2ee74c8c48b3824fb2d7efaae) Importer(815301076,1909f56bfc062723c751e8b465ee728b)
Start importing Assets/MedievalTavernPack/Material/Furniture using Guid(9f8fe1f2ee74c8c48b3824fb2d7efaae) Importer(815301076,1909f56bfc062723c751e8b465ee728b)  -> (artifact id: 'c929be35a9f21bf9fa2dbe78101da1eb') in 0.007863 seconds 
========================================================================
Received Import Request.
  Time since last request: 0.431928 seconds.
  path: Assets/MedievalTavernPack/Material/Furniture/Cupboard_01.mat
  artifactKey: Guid(1bf2d56667247de4cb1ba5ada58e1ab7) Importer(815301076,1909f56bfc062723c751e8b465ee728b)
Start importing Assets/MedievalTavernPack/Material/Furniture/Cupboard_01.mat using Guid(1bf2d56667247de4cb1ba5ada58e1ab7) Importer(815301076,1909f56bfc062723c751e8b465ee728b)  -> (artifact id: '819ce07117b1cb6f8d714fdac451c544') in 0.049762 seconds 
========================================================================
Received Import Request.
  Time since last request: 0.000020 seconds.
  path: Assets/MedievalTavernPack/Material/Furniture/Stool_02.mat
  artifactKey: Guid(ef48d7769a2dd784d8a55fbf8b6f591a) Importer(815301076,1909f56bfc062723c751e8b465ee728b)
Start importing Assets/MedievalTavernPack/Material/Furniture/Stool_02.mat using Guid(ef48d7769a2dd784d8a55fbf8b6f591a) Importer(815301076,1909f56bfc062723c751e8b465ee728b)  -> (artifact id: 'e8db635f8d8ae759190f16a545f99780') in 0.019446 seconds 
Editor requested this worker to shutdown with reason: Scaling down because of idle timeout
AssetImportWorker is now disconnected from the server
Process exiting
Exiting without the bug reporter. Application will terminate with return code 0