Using pre-set license
Built from '2021.3/staging' branch; Version is '2021.3.21f1 (1b156197d683) revision 1774945'; Using compiler version '192829333'; Build Type 'Release'
OS: 'Windows 10  (10.0.19045) 64bit Core' Language: 'en' Physical Memory: 16236 MB
BatchMode: 1, IsHumanControllingUs: 0, StartBugReporterOnCrash: 0, Is64bit: 1, IsPro: 1

COMMAND LINE ARGUMENTS:
C:\Unity\2021.3.21f1\Editor\Unity.exe
-adb2
-batchMode
-noUpm
-name
AssetImportWorker22
-projectPath
C:/Unity/Projects/Restaurant
-logFile
Logs/AssetImportWorker22.log
-srvPort
62174
Successfully changed project path to: C:/Unity/Projects/Restaurant
C:/Unity/Projects/Restaurant
[UnityMemory] Configuration Parameters - Can be set up in boot.config
    "memorysetup-bucket-allocator-granularity=16"
    "memorysetup-bucket-allocator-bucket-count=8"
    "memorysetup-bucket-allocator-block-size=33554432"
    "memorysetup-bucket-allocator-block-count=8"
    "memorysetup-main-allocator-block-size=16777216"
    "memorysetup-thread-allocator-block-size=16777216"
    "memorysetup-gfx-main-allocator-block-size=16777216"
    "memorysetup-gfx-thread-allocator-block-size=16777216"
    "memorysetup-cache-allocator-block-size=4194304"
    "memorysetup-typetree-allocator-block-size=2097152"
    "memorysetup-profiler-bucket-allocator-granularity=16"
    "memorysetup-profiler-bucket-allocator-bucket-count=8"
    "memorysetup-profiler-bucket-allocator-block-size=33554432"
    "memorysetup-profiler-bucket-allocator-block-count=8"
    "memorysetup-profiler-allocator-block-size=16777216"
    "memorysetup-profiler-editor-allocator-block-size=1048576"
    "memorysetup-temp-allocator-size-main=16777216"
    "memorysetup-job-temp-allocator-block-size=2097152"
    "memorysetup-job-temp-allocator-block-size-background=1048576"
    "memorysetup-job-temp-allocator-reduction-small-platforms=262144"
    "memorysetup-temp-allocator-size-background-worker=32768"
    "memorysetup-temp-allocator-size-job-worker=262144"
    "memorysetup-temp-allocator-size-preload-manager=33554432"
    "memorysetup-temp-allocator-size-nav-mesh-worker=65536"
    "memorysetup-temp-allocator-size-audio-worker=65536"
    "memorysetup-temp-allocator-size-cloud-worker=32768"
    "memorysetup-temp-allocator-size-gi-baking-worker=262144"
    "memorysetup-temp-allocator-size-gfx=262144"
Player connection [20036] Host "[IP] 192.168.88.1 [Port] 0 [Flags] 2 [Guid] 1711872064 [EditorId] 1711872064 [Version] 1048832 [Id] WindowsEditor(7,LAPTOP-UBFHFKGD) [Debug] 1 [PackageName] WindowsEditor [ProjectName] Editor" joined multi-casting on [225.0.0.222:54997]...

Player connection [20036] Host "[IP] 192.168.88.1 [Port] 0 [Flags] 2 [Guid] 1711872064 [EditorId] 1711872064 [Version] 1048832 [Id] WindowsEditor(7,LAPTOP-UBFHFKGD) [Debug] 1 [PackageName] WindowsEditor [ProjectName] Editor" joined alternative multi-casting on [225.0.0.222:34997]...

Refreshing native plugins compatible for Editor in 65.25 ms, found 3 plugins.
Preloading 0 native plugins for Editor in 0.00 ms.
Initialize engine version: 2021.3.21f1 (1b156197d683)
[Subsystems] Discovering subsystems at path C:/Unity/2021.3.21f1/Editor/Data/Resources/UnitySubsystems
[Subsystems] Discovering subsystems at path C:/Unity/Projects/Restaurant/Assets
GfxDevice: creating device client; threaded=0; jobified=0
Direct3D:
    Version:  Direct3D 11.0 [level 11.1]
    Renderer: NVIDIA GeForce RTX 3060 Laptop GPU (ID=0x2560)
    Vendor:   NVIDIA
    VRAM:     6009 MB
    Driver:   31.0.15.2799
Initialize mono
Mono path[0] = 'C:/Unity/2021.3.21f1/Editor/Data/Managed'
Mono path[1] = 'C:/Unity/2021.3.21f1/Editor/Data/MonoBleedingEdge/lib/mono/unityjit-win32'
Mono config path = 'C:/Unity/2021.3.21f1/Editor/Data/MonoBleedingEdge/etc'
Using monoOptions --debugger-agent=transport=dt_socket,embedding=1,server=y,suspend=n,address=127.0.0.1:56592
Begin MonoManager ReloadAssembly
Registering precompiled unity dll's ...
Register platform support module: C:/Unity/2021.3.21f1/Editor/Data/PlaybackEngines/WebGLSupport/UnityEditor.WebGL.Extensions.dll
Register platform support module: C:/Unity/2021.3.21f1/Editor/Data/PlaybackEngines/AndroidPlayer/UnityEditor.Android.Extensions.dll
Register platform support module: C:/Unity/2021.3.21f1/Editor/Data/PlaybackEngines/WindowsStandaloneSupport/UnityEditor.WindowsStandalone.Extensions.dll
Registered in 0.007448 seconds.
Native extension for WindowsStandalone target not found
Native extension for Android target not found
Android Extension - Scanning For ADB Devices 250 ms
Native extension for WebGL target not found
Refreshing native plugins compatible for Editor in 63.86 ms, found 3 plugins.
Preloading 0 native plugins for Editor in 0.00 ms.
Mono: successfully reloaded assembly
- Completed reload, in  0.866 seconds
Domain Reload Profiling:
	ReloadAssembly (866ms)
		BeginReloadAssembly (81ms)
			ExecutionOrderSort (0ms)
			DisableScriptedObjects (0ms)
			BackupInstance (0ms)
			ReleaseScriptingObjects (0ms)
			CreateAndSetChildDomain (1ms)
		EndReloadAssembly (696ms)
			LoadAssemblies (79ms)
			RebuildTransferFunctionScriptingTraits (0ms)
			SetupTypeCache (105ms)
			ReleaseScriptCaches (0ms)
			RebuildScriptCaches (26ms)
			SetupLoadedEditorAssemblies (518ms)
				LogAssemblyErrors (0ms)
				InitializePlatformSupportModulesInManaged (336ms)
				SetLoadedEditorAssemblies (0ms)
				RefreshPlugins (64ms)
				BeforeProcessingInitializeOnLoad (1ms)
				ProcessInitializeOnLoadAttributes (80ms)
				ProcessInitializeOnLoadMethodAttributes (37ms)
				AfterProcessingInitializeOnLoad (0ms)
				EditorAssembliesLoaded (0ms)
			ExecutionOrderSort2 (0ms)
			AwakeInstancesAfterBackupRestoration (0ms)
Platform modules already initialized, skipping
Registering precompiled user dll's ...
Registered in 0.005881 seconds.
Begin MonoManager ReloadAssembly
Symbol file LoadedFromMemory doesn't match image C:\Unity\Projects\Restaurant\Library\PackageCache\com.unity.visualscripting@1.8.0\Editor\VisualScripting.Core\Dependencies\YamlDotNet\Unity.VisualScripting.YamlDotNet.dll
Symbol file LoadedFromMemory doesn't match image C:\Unity\Projects\Restaurant\Library\PackageCache\com.unity.visualscripting@1.8.0\Editor\VisualScripting.Core\Dependencies\DotNetZip\Unity.VisualScripting.IonicZip.dll
Native extension for WindowsStandalone target not found
Native extension for Android target not found
Native extension for WebGL target not found
Refreshing native plugins compatible for Editor in 0.51 ms, found 3 plugins.
Preloading 0 native plugins for Editor in 0.00 ms.
Mono: successfully reloaded assembly
- Completed reload, in  0.882 seconds
Domain Reload Profiling:
	ReloadAssembly (882ms)
		BeginReloadAssembly (108ms)
			ExecutionOrderSort (0ms)
			DisableScriptedObjects (5ms)
			BackupInstance (0ms)
			ReleaseScriptingObjects (0ms)
			CreateAndSetChildDomain (20ms)
		EndReloadAssembly (683ms)
			LoadAssemblies (83ms)
			RebuildTransferFunctionScriptingTraits (0ms)
			SetupTypeCache (205ms)
			ReleaseScriptCaches (1ms)
			RebuildScriptCaches (42ms)
			SetupLoadedEditorAssemblies (309ms)
				LogAssemblyErrors (0ms)
				InitializePlatformSupportModulesInManaged (17ms)
				SetLoadedEditorAssemblies (0ms)
				RefreshPlugins (1ms)
				BeforeProcessingInitializeOnLoad (73ms)
				ProcessInitializeOnLoadAttributes (193ms)
				ProcessInitializeOnLoadMethodAttributes (16ms)
				AfterProcessingInitializeOnLoad (8ms)
				EditorAssembliesLoaded (0ms)
			ExecutionOrderSort2 (0ms)
			AwakeInstancesAfterBackupRestoration (5ms)
Platform modules already initialized, skipping
========================================================================
Worker process is ready to serve import requests
Launched and connected shader compiler UnityShaderCompiler.exe after 0.04 seconds
Refreshing native plugins compatible for Editor in 1.00 ms, found 3 plugins.
Preloading 0 native plugins for Editor in 0.00 ms.
Unloading 3049 Unused Serialized files (Serialized files now loaded: 0)
Unloading 24 unused Assets / (115.1 KB). Loaded Objects now: 3528.
Memory consumption went from 111.7 MB to 111.6 MB.
Total: 2.826600 ms (FindLiveObjects: 0.256800 ms CreateObjectMapping: 0.083200 ms MarkObjects: 2.361800 ms  DeleteObjects: 0.124100 ms)

AssetImportParameters requested are different than current active one (requested -> active):
  custom:video-decoder-ogg-theora: a1e56fd34408186e4bbccfd4996cb3dc -> 
  custom:container-muxer-webm: aa71ff27fc2769a1b78a27578f13a17b -> 
  custom:container-demuxer-webm: 4f35f7cbe854078d1ac9338744f61a02 -> 
  custom:video-encoder-webm-vp8: eb34c28f22e8b96e1ab97ce403110664 -> 
  custom:video-codec-MediaFoundation-h265: 746d11721c4dcdbdad8f713fa42b33f4 -> 
  custom:audio-encoder-webm-vorbis: bf7c407c2cedff20999df2af8eb42d56 -> 
  custom:framework-win-MediaFoundation: 216162199b28c13a410421893ffa2e32 -> 
  custom:container-demuxer-ogg: 62fdf1f143b41e24485cea50d1cbac27 -> 
  custom:video-decoder-webm-vp8: 9c59270c3fd7afecdb556c50c9e8de78 -> 
  custom:audio-decoder-ogg-vorbis: bf7c407c2cedff20999df2af8eb42d56 -> 
========================================================================
Received Import Request.
  Time since last request: 686286.801662 seconds.
  path: Assets/polygonTrees/polygonTrees/models/modelsWithLods/trees/tree1L/naturalMaterial/leavesMaterialN.mat
  artifactKey: Guid(1428c6eedc13472b8aa5035bf1e6596d) Importer(815301076,1909f56bfc062723c751e8b465ee728b)
Start importing Assets/polygonTrees/polygonTrees/models/modelsWithLods/trees/tree1L/naturalMaterial/leavesMaterialN.mat using Guid(1428c6eedc13472b8aa5035bf1e6596d) Importer(815301076,1909f56bfc062723c751e8b465ee728b)  -> (artifact id: 'e9bff9a3f1e83f099ffc4f84c85cda33') in 0.124159 seconds 
========================================================================
Received Import Request.
  Time since last request: 11.638793 seconds.
  path: Assets/polygonTrees/polygonTrees/models/modelsWithLods/trees/tree1L/editableMaterial/treeMaterial.mat
  artifactKey: Guid(461766fc5261e59748fb3662777e9892) Importer(815301076,1909f56bfc062723c751e8b465ee728b)
Start importing Assets/polygonTrees/polygonTrees/models/modelsWithLods/trees/tree1L/editableMaterial/treeMaterial.mat using Guid(461766fc5261e59748fb3662777e9892) Importer(815301076,1909f56bfc062723c751e8b465ee728b)  -> (artifact id: '6150ac418d229e856bd94b05f1880e38') in 0.105132 seconds 
========================================================================
Received Import Request.
  Time since last request: 0.000043 seconds.
  path: Assets/polygonTrees/polygonTrees/models/modelsWithLods/trees/tree1L/naturalMaterial/treeMaterialN.mat
  artifactKey: Guid(d78827ab19c063e399bb98b18b5ac58d) Importer(815301076,1909f56bfc062723c751e8b465ee728b)
Start importing Assets/polygonTrees/polygonTrees/models/modelsWithLods/trees/tree1L/naturalMaterial/treeMaterialN.mat using Guid(d78827ab19c063e399bb98b18b5ac58d) Importer(815301076,1909f56bfc062723c751e8b465ee728b)  -> (artifact id: 'e794c15946ffd0336eb82584dc44e7f1') in 0.088731 seconds 
========================================================================
Received Import Request.
  Time since last request: 0.000038 seconds.
  path: Assets/Chess Set/Materials/White Pieces.mat
  artifactKey: Guid(24aa1bf6738082b6b9cd6c6f3a5790ba) Importer(815301076,1909f56bfc062723c751e8b465ee728b)
Start importing Assets/Chess Set/Materials/White Pieces.mat using Guid(24aa1bf6738082b6b9cd6c6f3a5790ba) Importer(815301076,1909f56bfc062723c751e8b465ee728b)  -> (artifact id: '5302c0022f5a6df76a082705a09d8ccb') in 0.093620 seconds 
========================================================================
Received Import Request.
  Time since last request: 10.585399 seconds.
  path: Assets/WoodBucket/Materials/WoodBucket_01_Standard.mat
  artifactKey: Guid(e325e32d960c1b64bacdcc9a913032f1) Importer(815301076,1909f56bfc062723c751e8b465ee728b)
Start importing Assets/WoodBucket/Materials/WoodBucket_01_Standard.mat using Guid(e325e32d960c1b64bacdcc9a913032f1) Importer(815301076,1909f56bfc062723c751e8b465ee728b)  -> (artifact id: 'e159b599bd0f5c8f0ac7df41b6487169') in 0.111053 seconds 
========================================================================
Received Import Request.
  Time since last request: 43.682692 seconds.
  path: Assets/Azerilo/Free Rug Pack/Mesh/Rug.fbx
  artifactKey: Guid(218f82d5989bc2a41875ffbf40e9f3f6) Importer(815301076,1909f56bfc062723c751e8b465ee728b)
Start importing Assets/Azerilo/Free Rug Pack/Mesh/Rug.fbx using Guid(218f82d5989bc2a41875ffbf40e9f3f6) Importer(815301076,1909f56bfc062723c751e8b465ee728b)  -> (artifact id: '02f42e490f35dda7f5615cca7d9f4f73') in 0.194564 seconds 
========================================================================
Received Import Request.
  Time since last request: 0.000017 seconds.
  path: Assets/WoodsLifestyle/Models/Cabins/Walls/Wall_Wide_01_c.fbx
  artifactKey: Guid(a641b02027f71604bb8c51c8104b3b7d) Importer(815301076,1909f56bfc062723c751e8b465ee728b)
Start importing Assets/WoodsLifestyle/Models/Cabins/Walls/Wall_Wide_01_c.fbx using Guid(a641b02027f71604bb8c51c8104b3b7d) Importer(815301076,1909f56bfc062723c751e8b465ee728b)  -> (artifact id: 'b402e1285eb0a57a5df6780f3517c326') in 0.035111 seconds 
========================================================================
Received Import Request.
  Time since last request: 0.000030 seconds.
  path: Assets/WoodsLifestyle/Models/Cabins/Walls/Wall_Wide_02_a.fbx
  artifactKey: Guid(3fb5028740aea044caab166b7cef0df5) Importer(815301076,1909f56bfc062723c751e8b465ee728b)
Start importing Assets/WoodsLifestyle/Models/Cabins/Walls/Wall_Wide_02_a.fbx using Guid(3fb5028740aea044caab166b7cef0df5) Importer(815301076,1909f56bfc062723c751e8b465ee728b)  -> (artifact id: '8aaf2c2ce24b8a61f28e4e525232685d') in 0.096806 seconds 
========================================================================
Received Import Request.
  Time since last request: 0.000026 seconds.
  path: Assets/WoodsLifestyle/Models/Props/WaterTowers/WaterTenk_02.fbx
  artifactKey: Guid(cfb69dd792989474b95397840a0f78cd) Importer(815301076,1909f56bfc062723c751e8b465ee728b)
Start importing Assets/WoodsLifestyle/Models/Props/WaterTowers/WaterTenk_02.fbx using Guid(cfb69dd792989474b95397840a0f78cd) Importer(815301076,1909f56bfc062723c751e8b465ee728b)  -> (artifact id: 'f7ff25b82b41c4b90186968c0815d510') in 0.093078 seconds 
========================================================================
Received Import Request.
  Time since last request: 0.000017 seconds.
  path: Assets/WoodsLifestyle/Models/Props/WaterTowers/WaterTenk_03.fbx
  artifactKey: Guid(82dc0d50b12d2ca4fb9b6cfb711ee411) Importer(815301076,1909f56bfc062723c751e8b465ee728b)
Start importing Assets/WoodsLifestyle/Models/Props/WaterTowers/WaterTenk_03.fbx using Guid(82dc0d50b12d2ca4fb9b6cfb711ee411) Importer(815301076,1909f56bfc062723c751e8b465ee728b)  -> (artifact id: '30296c5362fad89633343fb7977b5c65') in 0.089210 seconds 
